W0613 23:51:17.394000 140010276470784 torch/distributed/run.py:757] 
W0613 23:51:17.394000 140010276470784 torch/distributed/run.py:757] *****************************************
W0613 23:51:17.394000 140010276470784 torch/distributed/run.py:757] Setting OMP_NUM_THREADS environment variable for each process to be 1 in default, to avoid your system being overloaded, please further tune the variable for optimal performance in your application as needed. 
W0613 23:51:17.394000 140010276470784 torch/distributed/run.py:757] *****************************************
/data/home/nirbhays/envs/mlenv/lib/python3.10/site-packages/torchtext/data/__init__.py:4: UserWarning: 
/!\ IMPORTANT WARNING ABOUT TORCHTEXT STATUS /!\ 
Torchtext is deprecated and the last released version will be 0.18 (this one). You can silence this warning by calling the following at the beginnign of your scripts: `import torchtext; torchtext.disable_torchtext_deprecation_warning()`
  warnings.warn(torchtext._TORCHTEXT_DEPRECATION_MSG)
/data/home/nirbhays/envs/mlenv/lib/python3.10/site-packages/torchtext/data/__init__.py:4: UserWarning: 
/!\ IMPORTANT WARNING ABOUT TORCHTEXT STATUS /!\ 
Torchtext is deprecated and the last released version will be 0.18 (this one). You can silence this warning by calling the following at the beginnign of your scripts: `import torchtext; torchtext.disable_torchtext_deprecation_warning()`
  warnings.warn(torchtext._TORCHTEXT_DEPRECATION_MSG)
environment: 
YAML: configs/res.detr.vit.yaml
==> SEED: 42
==> data: {'data_path': '/data/home/nirbhays/dataset', 'batch_size': 256, 'img_size': [256, 340], 'vocab_save_path': 'vocabulary/vocab.coco.detr.pkl', 'num_workers': 4, 'pin_memory': True, 'prefetch_factor': 2, 'distributed': True}
==> return_logs: False
==> epochs: 100
==> gpu_id: 0
==> opt: AdamW
==> opt_params: {'lr': 0.0001, 'weight_decay': 0.05, 'betas': (0.9, 0.95)}
==> schedular_params: {'T_max': 100, 'eta_min': 0.001}
==> model_params: {'backbone_layers': ['conv1', 'bn1', 'relu', 'maxpool', 'layer1', 'layer2', 'layer3', 'layer4'], 'encoder_layers': 6, 'decoder_layers': 6, 'encoder_heads': 8, 'decoder_heads': 8, 'embed_dim': 256, 'dropout': 0.1}
==> distributed: True
==> model_save_path: saved_models/detr.lr1e-4.wd0.05.e100.dist.pth
==> save_every: 50
==> config: configs/res.detr.vit.yaml
==> grad_clip: 1.0
--------------------------------------------------
Launching DDP process. Global Rank: 0 | Local Rank: 0
Launching DDP process. Global Rank: 1 | Local Rank: 1
Vocabulary saved at vocabulary/vocab.coco.detr.pkl
Vocabulary saved at vocabulary/vocab.coco.detr.pkl
pad_idx: 0
pad_idx: 0
Train dataset: 82783
Test dataset: 40504
Train dataloader: 162
Test dataloader: 159
vocab_size: 14114
Model parameters: 48583394
[rank0]: Traceback (most recent call last):
[rank0]:   File "/data/home/nirbhays/ViT-Captioning/train.py", line 254, in <module>
[rank0]:     main(rank=local_rank, global_rank=global_rank, world_size=world_size, config=config, args=args, is_distributed=args.distributed)
[rank0]:   File "/data/home/nirbhays/ViT-Captioning/train.py", line 161, in main
[rank0]:     final_model = train(
[rank0]:   File "/data/home/nirbhays/ViT-Captioning/train.py", line 102, in train
[rank0]:     out = model(image, input_text, key_mask=input_mask)
[rank0]:   File "/data/home/nirbhays/envs/mlenv/lib/python3.10/site-packages/torch/nn/modules/module.py", line 1532, in _wrapped_call_impl
[rank0]:     return self._call_impl(*args, **kwargs)
[rank0]:   File "/data/home/nirbhays/envs/mlenv/lib/python3.10/site-packages/torch/nn/modules/module.py", line 1541, in _call_impl
[rank0]:     return forward_call(*args, **kwargs)
[rank0]:   File "/data/home/nirbhays/envs/mlenv/lib/python3.10/site-packages/torch/nn/parallel/distributed.py", line 1593, in forward
[rank0]:     else self._run_ddp_forward(*inputs, **kwargs)
[rank0]:   File "/data/home/nirbhays/envs/mlenv/lib/python3.10/site-packages/torch/nn/parallel/distributed.py", line 1411, in _run_ddp_forward
[rank0]:     return self.module(*inputs, **kwargs)  # type: ignore[index]
[rank0]:   File "/data/home/nirbhays/envs/mlenv/lib/python3.10/site-packages/torch/nn/modules/module.py", line 1532, in _wrapped_call_impl
[rank0]:     return self._call_impl(*args, **kwargs)
[rank0]:   File "/data/home/nirbhays/envs/mlenv/lib/python3.10/site-packages/torch/nn/modules/module.py", line 1541, in _call_impl
[rank0]:     return forward_call(*args, **kwargs)
[rank0]:   File "/data/home/nirbhays/ViT-Captioning/src/caption_model.py", line 36, in forward
[rank0]:     return self.model(x,y,key_mask)
[rank0]:   File "/data/home/nirbhays/envs/mlenv/lib/python3.10/site-packages/torch/nn/modules/module.py", line 1532, in _wrapped_call_impl
[rank0]:     return self._call_impl(*args, **kwargs)
[rank0]:   File "/data/home/nirbhays/envs/mlenv/lib/python3.10/site-packages/torch/nn/modules/module.py", line 1541, in _call_impl
[rank0]:     return forward_call(*args, **kwargs)
[rank0]:   File "/data/home/nirbhays/ViT-Captioning/src/encoder_decoder/DeTR.py", line 81, in forward
[rank0]:     x, pos_x = self.joint_vector(x)
[rank0]:   File "/data/home/nirbhays/envs/mlenv/lib/python3.10/site-packages/torch/nn/modules/module.py", line 1532, in _wrapped_call_impl
[rank0]:     return self._call_impl(*args, **kwargs)
[rank0]:   File "/data/home/nirbhays/envs/mlenv/lib/python3.10/site-packages/torch/nn/modules/module.py", line 1541, in _call_impl
[rank0]:     return forward_call(*args, **kwargs)
[rank0]:   File "/data/home/nirbhays/ViT-Captioning/src/encoder_decoder/backbone_utils.py", line 119, in forward
[rank0]:     backbone_features = self.backbone(x) # [N, C, H, W]
[rank0]:   File "/data/home/nirbhays/envs/mlenv/lib/python3.10/site-packages/torch/nn/modules/module.py", line 1532, in _wrapped_call_impl
[rank0]:     return self._call_impl(*args, **kwargs)
[rank0]:   File "/data/home/nirbhays/envs/mlenv/lib/python3.10/site-packages/torch/nn/modules/module.py", line 1541, in _call_impl
[rank0]:     return forward_call(*args, **kwargs)
[rank0]:   File "/data/home/nirbhays/ViT-Captioning/src/encoder_decoder/backbone_utils.py", line 94, in forward
[rank0]:     backbone_out = self.backbone(x)
[rank0]:   File "/data/home/nirbhays/envs/mlenv/lib/python3.10/site-packages/torch/nn/modules/module.py", line 1532, in _wrapped_call_impl
[rank0]:     return self._call_impl(*args, **kwargs)
[rank0]:   File "/data/home/nirbhays/envs/mlenv/lib/python3.10/site-packages/torch/nn/modules/module.py", line 1541, in _call_impl
[rank0]:     return forward_call(*args, **kwargs)
[rank0]:   File "/data/home/nirbhays/envs/mlenv/lib/python3.10/site-packages/torch/nn/modules/container.py", line 217, in forward
[rank0]:     input = module(input)
[rank0]:   File "/data/home/nirbhays/envs/mlenv/lib/python3.10/site-packages/torch/nn/modules/module.py", line 1532, in _wrapped_call_impl
[rank0]:     return self._call_impl(*args, **kwargs)
[rank0]:   File "/data/home/nirbhays/envs/mlenv/lib/python3.10/site-packages/torch/nn/modules/module.py", line 1541, in _call_impl
[rank0]:     return forward_call(*args, **kwargs)
[rank0]:   File "/data/home/nirbhays/envs/mlenv/lib/python3.10/site-packages/torch/nn/modules/container.py", line 217, in forward
[rank0]:     input = module(input)
[rank0]:   File "/data/home/nirbhays/envs/mlenv/lib/python3.10/site-packages/torch/nn/modules/module.py", line 1532, in _wrapped_call_impl
[rank0]:     return self._call_impl(*args, **kwargs)
[rank0]:   File "/data/home/nirbhays/envs/mlenv/lib/python3.10/site-packages/torch/nn/modules/module.py", line 1541, in _call_impl
[rank0]:     return forward_call(*args, **kwargs)
[rank0]:   File "/data/home/nirbhays/envs/mlenv/lib/python3.10/site-packages/torchvision/models/resnet.py", line 158, in forward
[rank0]:     identity = self.downsample(x)
[rank0]:   File "/data/home/nirbhays/envs/mlenv/lib/python3.10/site-packages/torch/nn/modules/module.py", line 1532, in _wrapped_call_impl
[rank0]:     return self._call_impl(*args, **kwargs)
[rank0]:   File "/data/home/nirbhays/envs/mlenv/lib/python3.10/site-packages/torch/nn/modules/module.py", line 1541, in _call_impl
[rank0]:     return forward_call(*args, **kwargs)
[rank0]:   File "/data/home/nirbhays/envs/mlenv/lib/python3.10/site-packages/torch/nn/modules/container.py", line 217, in forward
[rank0]:     input = module(input)
[rank0]:   File "/data/home/nirbhays/envs/mlenv/lib/python3.10/site-packages/torch/nn/modules/module.py", line 1532, in _wrapped_call_impl
[rank0]:     return self._call_impl(*args, **kwargs)
[rank0]:   File "/data/home/nirbhays/envs/mlenv/lib/python3.10/site-packages/torch/nn/modules/module.py", line 1541, in _call_impl
[rank0]:     return forward_call(*args, **kwargs)
[rank0]:   File "/data/home/nirbhays/envs/mlenv/lib/python3.10/site-packages/torchvision/ops/misc.py", line 62, in forward
[rank0]:     return x * scale + bias
[rank0]: torch.cuda.OutOfMemoryError: CUDA out of memory. Tried to allocate 688.00 MiB. GPU 
W0613 23:51:42.419000 140010276470784 torch/distributed/elastic/multiprocessing/api.py:851] Sending process 2892916 closing signal SIGTERM
E0613 23:51:43.385000 140010276470784 torch/distributed/elastic/multiprocessing/api.py:826] failed (exitcode: 1) local_rank: 0 (pid: 2892915) of binary: /data/home/nirbhays/envs/mlenv/bin/python3
Traceback (most recent call last):
  File "/data/home/nirbhays/envs/mlenv/bin/torchrun", line 10, in <module>
    sys.exit(main())
  File "/data/home/nirbhays/envs/mlenv/lib/python3.10/site-packages/torch/distributed/elastic/multiprocessing/errors/__init__.py", line 347, in wrapper
    return f(*args, **kwargs)
  File "/data/home/nirbhays/envs/mlenv/lib/python3.10/site-packages/torch/distributed/run.py", line 879, in main
    run(args)
  File "/data/home/nirbhays/envs/mlenv/lib/python3.10/site-packages/torch/distributed/run.py", line 870, in run
    elastic_launch(
  File "/data/home/nirbhays/envs/mlenv/lib/python3.10/site-packages/torch/distributed/launcher/api.py", line 132, in __call__
    return launch_agent(self._config, self._entrypoint, list(args))
  File "/data/home/nirbhays/envs/mlenv/lib/python3.10/site-packages/torch/distributed/launcher/api.py", line 263, in launch_agent
    raise ChildFailedError(
torch.distributed.elastic.multiprocessing.errors.ChildFailedError: 
============================================================
train.py FAILED
------------------------------------------------------------
Failures:
  <NO_OTHER_FAILURES>
------------------------------------------------------------
Root Cause (first observed failure):
[0]:
  time      : 2026-06-13_23:51:42
  host      : csrmaster
  rank      : 0 (local_rank: 0)
  exitcode  : 1 (pid: 2892915)
  error_file: <N/A>
  traceback : To enable traceback see: https://pytorch.org/docs/stable/elastic/errors.html
============================================================
