/data/home/nirbhays/envs/mlenv/lib/python3.10/site-packages/torchtext/data/__init__.py:4: UserWarning: 
/!\ IMPORTANT WARNING ABOUT TORCHTEXT STATUS /!\ 
Torchtext is deprecated and the last released version will be 0.18 (this one). You can silence this warning by calling the following at the beginnign of your scripts: `import torchtext; torchtext.disable_torchtext_deprecation_warning()`
  warnings.warn(torchtext._TORCHTEXT_DEPRECATION_MSG)
Vocabulary saved at vocabulary/vocab.coco.detr.pkl
pad_idx: 0
Train dataset: 82783
Test dataset: 40504
Train dataloader: 324
Test dataloader: 159
vocab_size: 14114
Model parameters: 48583394
[GPU0] epoch: [1/100] loss: 9.686
[GPU0] epoch: [2/100] loss: 6.830
[GPU0] epoch: [3/100] loss: 4.856
[GPU0] epoch: [4/100] loss: 4.086
[GPU0] epoch: [5/100] loss: 3.671
[GPU0] epoch: [6/100] loss: 3.403
[GPU0] epoch: [7/100] loss: 3.215
[GPU0] epoch: [8/100] loss: 3.094
[GPU0] epoch: [9/100] loss: 3.002
[GPU0] epoch: [10/100] loss: 2.923
[GPU0] epoch: [11/100] loss: 2.867
[GPU0] epoch: [12/100] loss: 2.812
[GPU0] epoch: [13/100] loss: 2.765
[GPU0] epoch: [14/100] loss: 2.730
[GPU0] epoch: [15/100] loss: 2.690
[GPU0] epoch: [16/100] loss: 2.662
[GPU0] epoch: [17/100] loss: 2.626
[GPU0] epoch: [18/100] loss: 2.611
[GPU0] epoch: [19/100] loss: 2.570
[GPU0] epoch: [20/100] loss: 2.554
[GPU0] epoch: [21/100] loss: 2.531
[GPU0] epoch: [22/100] loss: 2.517
[GPU0] epoch: [23/100] loss: 2.497
[GPU0] epoch: [24/100] loss: 2.475
[GPU0] epoch: [25/100] loss: 2.452
[GPU0] epoch: [26/100] loss: 2.439
[GPU0] epoch: [27/100] loss: 2.424
[GPU0] epoch: [28/100] loss: 2.412
[GPU0] epoch: [29/100] loss: 2.393
[GPU0] epoch: [30/100] loss: 2.385
[GPU0] epoch: [31/100] loss: 2.374
[GPU0] epoch: [32/100] loss: 2.359
[GPU0] epoch: [33/100] loss: 2.351
[GPU0] epoch: [34/100] loss: 2.338
[GPU0] epoch: [35/100] loss: 2.325
[GPU0] epoch: [36/100] loss: 2.318
[GPU0] epoch: [37/100] loss: 2.315
[GPU0] epoch: [38/100] loss: 2.302
[GPU0] epoch: [39/100] loss: 2.288
[GPU0] epoch: [40/100] loss: 2.281
[GPU0] epoch: [41/100] loss: 2.276
[GPU0] epoch: [42/100] loss: 2.265
[GPU0] epoch: [43/100] loss: 2.263
[GPU0] epoch: [44/100] loss: 2.258
[GPU0] epoch: [45/100] loss: 2.253
[GPU0] epoch: [46/100] loss: 2.244
[GPU0] epoch: [47/100] loss: 2.238
[GPU0] epoch: [48/100] loss: 2.235
[GPU0] epoch: [49/100] loss: 2.230
[GPU0] epoch: [50/100] loss: 2.227
Model saved at: saved_models/detr.lr1e-4.wd0.05.e100.we5.ec50.pth
[GPU0] epoch: [51/100] loss: 2.224
[GPU0] epoch: [52/100] loss: 2.220
[GPU0] epoch: [53/100] loss: 2.218
[GPU0] epoch: [54/100] loss: 2.220
[GPU0] epoch: [55/100] loss: 2.217
[GPU0] epoch: [56/100] loss: 2.216
[GPU0] epoch: [57/100] loss: 2.210
