W0612 22:17:03.290000 140387908636672 torch/distributed/run.py:757] 
W0612 22:17:03.290000 140387908636672 torch/distributed/run.py:757] *****************************************
W0612 22:17:03.290000 140387908636672 torch/distributed/run.py:757] Setting OMP_NUM_THREADS environment variable for each process to be 1 in default, to avoid your system being overloaded, please further tune the variable for optimal performance in your application as needed. 
W0612 22:17:03.290000 140387908636672 torch/distributed/run.py:757] *****************************************
/data/home/nirbhays/envs/mlenv/lib/python3.10/site-packages/torchtext/data/__init__.py:4: UserWarning: 
/!\ IMPORTANT WARNING ABOUT TORCHTEXT STATUS /!\ 
Torchtext is deprecated and the last released version will be 0.18 (this one). You can silence this warning by calling the following at the beginnign of your scripts: `import torchtext; torchtext.disable_torchtext_deprecation_warning()`
  warnings.warn(torchtext._TORCHTEXT_DEPRECATION_MSG)
/data/home/nirbhays/envs/mlenv/lib/python3.10/site-packages/torchtext/data/__init__.py:4: UserWarning: 
/!\ IMPORTANT WARNING ABOUT TORCHTEXT STATUS /!\ 
Torchtext is deprecated and the last released version will be 0.18 (this one). You can silence this warning by calling the following at the beginnign of your scripts: `import torchtext; torchtext.disable_torchtext_deprecation_warning()`
  warnings.warn(torchtext._TORCHTEXT_DEPRECATION_MSG)
Launching DDP process. Global Rank: 1 | Local Rank: 1
environment: 
YAML: configs/res.detr.vit.yaml
==> SEED: 42
==> data: {'data_path': '/data/home/nirbhays/dataset', 'batch_size': 256, 'img_size': [256, 340], 'vocab_save_path': 'vocabulary/vocab.coco.detr.pkl', 'num_workers': 4, 'pin_memory': True, 'prefetch_factor': 2, 'distributed': True}
==> return_logs: False
==> epochs: 100
==> gpu_id: 0
==> opt: AdamW
==> opt_params: {'lr': 0.0003, 'weight_decay': 0.05, 'betas': (0.9, 0.95)}
==> schedular_params: {'T_max': 100, 'eta_min': 0.001}
==> model_params: {'backbone_layers': ['conv1', 'bn1', 'relu', 'maxpool', 'layer1', 'layer2', 'layer3', 'layer4'], 'encoder_layers': 6, 'decoder_layers': 6, 'encoder_heads': 8, 'decoder_heads': 8, 'embed_dim': 256, 'dropout': 0.1}
==> distributed: True
==> model_save_path: saved_models/detr.lr3e-4.wd0.05.e100.dist.pth
==> save_every: 50
==> config: configs/res.detr.vit.yaml
==> grad_clip: 1.0
--------------------------------------------------
Launching DDP process. Global Rank: 0 | Local Rank: 0
Vocabulary saved at vocabulary/vocab.coco.detr.pkl
Vocabulary saved at vocabulary/vocab.coco.detr.pkl
pad_idx: 0
Train dataset: 82783
Test dataset: 40504
Train dataloader: 162
Test dataloader: 159
vocab_size: 14114
pad_idx: 0
Model parameters: 48583394
[GPU0] epoch: [1/100] loss: 2.653
[GPU1] epoch: [1/100] loss: 2.660
[GPU0] epoch: [2/100] loss: 1.750
[GPU1] epoch: [2/100] loss: 1.795
[GPU0] epoch: [3/100] loss: 1.588
[GPU1] epoch: [3/100] loss: 1.548
[GPU1] epoch: [4/100] loss: 1.532
[GPU0] epoch: [4/100] loss: 1.513
[GPU0] epoch: [5/100] loss: 1.430
[GPU1] epoch: [5/100] loss: 1.457
[GPU0] epoch: [6/100] loss: 1.395
[GPU1] epoch: [6/100] loss: 1.395
[GPU0] epoch: [7/100] loss: 1.361
[GPU1] epoch: [7/100] loss: 1.355
[GPU1] epoch: [8/100] loss: 1.328
[GPU0] epoch: [8/100] loss: 1.330
[GPU0] epoch: [9/100] loss: 1.294
[GPU1] epoch: [9/100] loss: 1.315
[GPU0] epoch: [10/100] loss: 1.284
[GPU1] epoch: [10/100] loss: 1.300
[GPU0] epoch: [11/100] loss: 1.279
[GPU1] epoch: [11/100] loss: 1.274
[GPU1] epoch: [12/100] loss: 1.242
[GPU0] epoch: [12/100] loss: 1.218
[GPU0] epoch: [13/100] loss: 1.238
[GPU1] epoch: [13/100] loss: 1.211
[GPU0] epoch: [14/100] loss: 1.190
[GPU1] epoch: [14/100] loss: 1.213
[GPU0] epoch: [15/100] loss: 1.174
[GPU1] epoch: [15/100] loss: 1.196
[GPU0] epoch: [16/100] loss: 1.212
[GPU1] epoch: [16/100] loss: 1.190
[GPU1] epoch: [17/100] loss: 1.155
[GPU0] epoch: [17/100] loss: 1.162
[GPU1] epoch: [18/100] loss: 1.170
[GPU0] epoch: [18/100] loss: 1.156
[GPU0] epoch: [19/100] loss: 1.142
[GPU1] epoch: [19/100] loss: 1.162
[GPU0] epoch: [20/100] loss: 1.156
[GPU1] epoch: [20/100] loss: 1.158
[GPU1] epoch: [21/100] loss: 1.133
[GPU0] epoch: [21/100] loss: 1.147
[GPU0] epoch: [22/100] loss: 1.109
[GPU1] epoch: [22/100] loss: 1.103
[GPU0] epoch: [23/100] loss: 1.124
[GPU1] epoch: [23/100] loss: 1.094
[GPU0] epoch: [24/100] loss: 1.101
[GPU1] epoch: [24/100] loss: 1.107
[GPU1] epoch: [25/100] loss: 1.084
[GPU0] epoch: [25/100] loss: 1.093
[GPU1] epoch: [26/100] loss: 1.069
[GPU0] epoch: [26/100] loss: 1.091
[GPU1] epoch: [27/100] loss: 1.096
[GPU0] epoch: [27/100] loss: 1.066
[GPU0] epoch: [28/100] loss: 1.059
[GPU1] epoch: [28/100] loss: 1.064
[GPU1] epoch: [29/100] loss: 1.052
[GPU0] epoch: [29/100] loss: 1.031
[GPU0] epoch: [30/100] loss: 1.037
[GPU1] epoch: [30/100] loss: 1.065
[GPU1] epoch: [31/100] loss: 1.049
[GPU0] epoch: [31/100] loss: 1.056
[GPU1] epoch: [32/100] loss: 1.059
[GPU0] epoch: [32/100] loss: 1.072
[GPU1] epoch: [33/100] loss: 1.021
[GPU0] epoch: [33/100] loss: 1.048
[GPU1] epoch: [34/100] loss: 1.017
[GPU0] epoch: [34/100] loss: 1.027
[GPU0] epoch: [35/100] loss: 1.042
[GPU1] epoch: [35/100] loss: 1.021
[GPU0] epoch: [36/100] loss: 1.020
[GPU1] epoch: [36/100] loss: 1.007
[GPU0] epoch: [37/100] loss: 1.026
[GPU1] epoch: [37/100] loss: 1.020
[GPU1] epoch: [38/100] loss: 1.002
[GPU0] epoch: [38/100] loss: 0.986
[GPU0] epoch: [39/100] loss: 1.018
[GPU1] epoch: [39/100] loss: 1.019
[GPU0] epoch: [40/100] loss: 1.040
[GPU1] epoch: [40/100] loss: 0.993
[GPU0] epoch: [41/100] loss: 1.014
[GPU1] epoch: [41/100] loss: 1.013
[GPU1] epoch: [42/100] loss: 0.981
[GPU0] epoch: [42/100] loss: 1.011
[GPU0] epoch: [43/100] loss: 0.997
[GPU1] epoch: [43/100] loss: 0.983
[GPU1] epoch: [44/100] loss: 1.015
[GPU0] epoch: [44/100] loss: 1.033
[GPU0] epoch: [45/100] loss: 0.976
[GPU1] epoch: [45/100] loss: 1.021
[GPU1] epoch: [46/100] loss: 0.985
[GPU0] epoch: [46/100] loss: 0.983
[GPU0] epoch: [47/100] loss: 0.976
[GPU1] epoch: [47/100] loss: 0.985
[GPU0] epoch: [48/100] loss: 0.976
[GPU1] epoch: [48/100] loss: 1.015
[GPU1] epoch: [49/100] loss: 0.971
[GPU0] epoch: [49/100] loss: 0.979
[GPU1] epoch: [50/100] loss: 0.975
[GPU0] epoch: [50/100] loss: 0.978
Model saved at: saved_models/detr.lr3e-4.wd0.05.e100.dist.ec50.pth
[GPU1] epoch: [51/100] loss: 0.992
[GPU0] epoch: [51/100] loss: 0.970
[GPU1] epoch: [52/100] loss: 0.965
[GPU0] epoch: [52/100] loss: 0.970
[GPU0] epoch: [53/100] loss: 0.994
[GPU1] epoch: [53/100] loss: 0.991
[GPU0] epoch: [54/100] loss: 0.978
[GPU1] epoch: [54/100] loss: 0.977
[GPU0] epoch: [55/100] loss: 0.961
[GPU1] epoch: [55/100] loss: 0.968
[GPU1] epoch: [56/100] loss: 0.965
[GPU0] epoch: [56/100] loss: 0.977
[GPU1] epoch: [57/100] loss: 0.961
[GPU0] epoch: [57/100] loss: 0.992
[GPU1] epoch: [58/100] loss: 0.974
[GPU0] epoch: [58/100] loss: 0.982
[GPU1] epoch: [59/100] loss: 0.973
[GPU0] epoch: [59/100] loss: 0.973
[GPU1] epoch: [60/100] loss: 0.979
[GPU0] epoch: [60/100] loss: 0.943
[GPU1] epoch: [61/100] loss: 0.945
[GPU0] epoch: [61/100] loss: 0.979
[GPU1] epoch: [62/100] loss: 0.951
[GPU0] epoch: [62/100] loss: 0.974
[GPU1] epoch: [63/100] loss: 0.964
[GPU0] epoch: [63/100] loss: 0.949
[GPU1] epoch: [64/100] loss: 0.945
[GPU0] epoch: [64/100] loss: 0.961
[GPU0] epoch: [65/100] loss: 0.949
[GPU1] epoch: [65/100] loss: 0.954
[GPU0] epoch: [66/100] loss: 0.976
[GPU1] epoch: [66/100] loss: 0.958
[GPU1] epoch: [67/100] loss: 0.964
[GPU0] epoch: [67/100] loss: 0.940
[GPU1] epoch: [68/100] loss: 0.916
[GPU0] epoch: [68/100] loss: 0.968
[GPU0] epoch: [69/100] loss: 0.948
[GPU1] epoch: [69/100] loss: 0.948
[GPU1] epoch: [70/100] loss: 0.953
[GPU0] epoch: [70/100] loss: 0.950
[GPU1] epoch: [71/100] loss: 0.948
[GPU0] epoch: [71/100] loss: 0.969
[GPU0] epoch: [72/100] loss: 0.943
[GPU1] epoch: [72/100] loss: 0.940
[GPU1] epoch: [73/100] loss: 0.962
[GPU0] epoch: [73/100] loss: 0.956
[GPU1] epoch: [74/100] loss: 0.969
[GPU0] epoch: [74/100] loss: 0.961
[GPU1] epoch: [75/100] loss: 0.960
[GPU0] epoch: [75/100] loss: 0.943
[GPU0] epoch: [76/100] loss: 0.935
[GPU1] epoch: [76/100] loss: 0.948
[GPU1] epoch: [77/100] loss: 0.939
[GPU0] epoch: [77/100] loss: 0.952
[GPU1] epoch: [78/100] loss: 0.935
[GPU0] epoch: [78/100] loss: 0.942
[GPU0] epoch: [79/100] loss: 0.963
[GPU1] epoch: [79/100] loss: 0.968
[GPU1] epoch: [80/100] loss: 0.923
[GPU0] epoch: [80/100] loss: 0.949
[GPU0] epoch: [81/100] loss: 0.919
[GPU1] epoch: [81/100] loss: 0.950
[GPU0] epoch: [82/100] loss: 0.946
[GPU1] epoch: [82/100] loss: 0.956
[GPU0] epoch: [83/100] loss: 0.944
[GPU1] epoch: [83/100] loss: 0.932
[GPU1] epoch: [84/100] loss: 0.932
[GPU0] epoch: [84/100] loss: 0.946
[GPU1] epoch: [85/100] loss: 0.945
[GPU0] epoch: [85/100] loss: 0.945
[GPU1] epoch: [86/100] loss: 0.967
[GPU0] epoch: [86/100] loss: 0.922
[GPU1] epoch: [87/100] loss: 0.936
[GPU0] epoch: [87/100] loss: 0.932
[GPU0] epoch: [88/100] loss: 0.934
[GPU1] epoch: [88/100] loss: 0.946
[GPU1] epoch: [89/100] loss: 0.946
[GPU0] epoch: [89/100] loss: 0.916
[GPU1] epoch: [90/100] loss: 0.906
[GPU0] epoch: [90/100] loss: 0.931
[GPU1] epoch: [91/100] loss: 0.945
[GPU0] epoch: [91/100] loss: 0.945
[GPU0] epoch: [92/100] loss: 0.911
[GPU1] epoch: [92/100] loss: 0.943
[GPU0] epoch: [93/100] loss: 0.928
[GPU1] epoch: [93/100] loss: 0.954
[GPU1] epoch: [94/100] loss: 0.940
[GPU0] epoch: [94/100] loss: 0.935
[GPU0] epoch: [95/100] loss: 0.955
[GPU1] epoch: [95/100] loss: 0.943
[GPU1] epoch: [96/100] loss: 0.940
[GPU0] epoch: [96/100] loss: 0.919
[GPU0] epoch: [97/100] loss: 0.937
[GPU1] epoch: [97/100] loss: 0.908
[GPU1] epoch: [98/100] loss: 0.938
[GPU0] epoch: [98/100] loss: 0.933
[GPU1] epoch: [99/100] loss: 0.941
[GPU0] epoch: [99/100] loss: 0.920
[GPU1] epoch: [100/100] loss: 0.939
[GPU0] epoch: [100/100] loss: 0.935
rank:1 reached barrierrank:0 reached barrier

destroying for rank: 1 and global_rank: 1
Model weights saved
destroying for rank: 0 and global_rank: 0
pretraining time: 4h 25m 34s
pretraining time: 4h 25m 34s
