W0616 18:39:38.725000 139815620345856 torch/distributed/run.py:757] 
W0616 18:39:38.725000 139815620345856 torch/distributed/run.py:757] *****************************************
W0616 18:39:38.725000 139815620345856 torch/distributed/run.py:757] Setting OMP_NUM_THREADS environment variable for each process to be 1 in default, to avoid your system being overloaded, please further tune the variable for optimal performance in your application as needed. 
W0616 18:39:38.725000 139815620345856 torch/distributed/run.py:757] *****************************************
/data/home/nirbhays/envs/mlenv/lib/python3.10/site-packages/torchtext/data/__init__.py:4: UserWarning: 
/!\ IMPORTANT WARNING ABOUT TORCHTEXT STATUS /!\ 
Torchtext is deprecated and the last released version will be 0.18 (this one). You can silence this warning by calling the following at the beginnign of your scripts: `import torchtext; torchtext.disable_torchtext_deprecation_warning()`
  warnings.warn(torchtext._TORCHTEXT_DEPRECATION_MSG)
environment: 
YAML: configs/res.detr.vit.yaml
==> SEED: 42
==> data: {'data_path': '/data/home/nirbhays/dataset', 'batch_size': 256, 'img_size': [256, 340], 'vocab_save_path': 'vocabulary/vocab.coco.detr.pkl', 'num_workers': 4, 'pin_memory': True, 'prefetch_factor': 2, 'distributed': True}
==> return_logs: False
==> epochs: 400
==> gpu_id: 0
==> opt: AdamW
==> opt_params: {'lr': 0.0002, 'weight_decay': 0.05}
==> schedular_params: {'T_max': 400, 'eta_min': 0.001}
==> model_params: {'backbone_layers': ['conv1', 'bn1', 'relu', 'maxpool', 'layer1', 'layer2', 'layer3', 'layer4'], 'encoder_layers': 6, 'decoder_layers': 6, 'encoder_heads': 8, 'decoder_heads': 8, 'embed_dim': 256, 'dropout': 0.1}
==> distributed: True
==> model_save_path: saved_models/detr.lr1e-4.wd0.05.e400.dist.pth
==> save_every: 50
==> config: configs/res.detr.vit.yaml
==> grad_clip: 1.0
==> warmup_epochs: 0
==> no_cosine: False
--------------------------------------------------
/data/home/nirbhays/envs/mlenv/lib/python3.10/site-packages/torchtext/data/__init__.py:4: UserWarning: 
/!\ IMPORTANT WARNING ABOUT TORCHTEXT STATUS /!\ 
Torchtext is deprecated and the last released version will be 0.18 (this one). You can silence this warning by calling the following at the beginnign of your scripts: `import torchtext; torchtext.disable_torchtext_deprecation_warning()`
  warnings.warn(torchtext._TORCHTEXT_DEPRECATION_MSG)
environment: 
YAML: configs/res.detr.vit.yaml
==> SEED: 42
==> data: {'data_path': '/data/home/nirbhays/dataset', 'batch_size': 256, 'img_size': [256, 340], 'vocab_save_path': 'vocabulary/vocab.coco.detr.pkl', 'num_workers': 4, 'pin_memory': True, 'prefetch_factor': 2, 'distributed': True}
==> return_logs: False
==> epochs: 400
==> gpu_id: 0
==> opt: AdamW
==> opt_params: {'lr': 0.0002, 'weight_decay': 0.05}
==> schedular_params: {'T_max': 400, 'eta_min': 0.001}
==> model_params: {'backbone_layers': ['conv1', 'bn1', 'relu', 'maxpool', 'layer1', 'layer2', 'layer3', 'layer4'], 'encoder_layers': 6, 'decoder_layers': 6, 'encoder_heads': 8, 'decoder_heads': 8, 'embed_dim': 256, 'dropout': 0.1}
==> distributed: True
==> model_save_path: saved_models/detr.lr1e-4.wd0.05.e400.dist.pth
==> save_every: 50
==> config: configs/res.detr.vit.yaml
==> grad_clip: 1.0
==> warmup_epochs: 0
==> no_cosine: False
--------------------------------------------------
Launching DDP process. Global Rank: 1 | Local Rank: 1
Launching DDP process. Global Rank: 0 | Local Rank: 0
Vocabulary saved at vocabulary/vocab.coco.detr.pkl
Vocabulary saved at vocabulary/vocab.coco.detr.pkl
pad_idx: 0
pad_idx: 0
Train dataset: 82783
Test dataset: 40504
Train dataloader: 162
Test dataloader: 159
vocab_size: 14114
Model parameters: 48583394
AdamW (
Parameter Group 0
    amsgrad: False
    betas: (0.9, 0.999)
    capturable: False
    differentiable: False
    eps: 1e-08
    foreach: None
    fused: None
    lr: 0.0002
    maximize: False
    weight_decay: 0.05
)
schedular: <torch.optim.lr_scheduler.CosineAnnealingLR object at 0x7f317ef23b20>
[GPU1] epoch: [1/400] loss: 5.218
[GPU0] epoch: [1/400] loss: 5.214
[GPU0] epoch: [2/400] loss: 3.844
[GPU1] epoch: [2/400] loss: 3.833
[GPU0] epoch: [3/400] loss: 3.505
[GPU1] epoch: [3/400] loss: 3.498
[GPU1] epoch: [4/400] loss: 3.292
[GPU0] epoch: [4/400] loss: 3.304
[GPU0] epoch: [5/400] loss: 3.153
[GPU1] epoch: [5/400] loss: 3.155
[GPU1] epoch: [6/400] loss: 3.048
[GPU0] epoch: [6/400] loss: 3.047
[GPU0] epoch: [7/400] loss: 2.958
[GPU1] epoch: [7/400] loss: 2.960
[GPU0] epoch: [8/400] loss: 2.887
[GPU1] epoch: [8/400] loss: 2.882
[GPU1] epoch: [9/400] loss: 2.821
[GPU0] epoch: [9/400] loss: 2.822
[GPU1] epoch: [10/400] loss: 2.772
[GPU0] epoch: [10/400] loss: 2.764
[GPU0] epoch: [11/400] loss: 2.721
[GPU1] epoch: [11/400] loss: 2.709
[GPU1] epoch: [12/400] loss: 2.672
[GPU0] epoch: [12/400] loss: 2.680
[GPU0] epoch: [13/400] loss: 2.625
[GPU1] epoch: [13/400] loss: 2.637
[GPU0] epoch: [14/400] loss: 2.602
[GPU1] epoch: [14/400] loss: 2.593
[GPU0] epoch: [15/400] loss: 2.568
[GPU1] epoch: [15/400] loss: 2.561
[GPU0] epoch: [16/400] loss: 2.535
[GPU1] epoch: [16/400] loss: 2.532
[GPU1] epoch: [17/400] loss: 2.512
[GPU0] epoch: [17/400] loss: 2.510
[GPU1] epoch: [18/400] loss: 2.482
[GPU0] epoch: [18/400] loss: 2.474
[GPU0] epoch: [19/400] loss: 2.447
[GPU1] epoch: [19/400] loss: 2.456
[GPU0] epoch: [20/400] loss: 2.432
[GPU1] epoch: [20/400] loss: 2.425
[GPU1] epoch: [21/400] loss: 2.407
[GPU0] epoch: [21/400] loss: 2.401
[GPU0] epoch: [22/400] loss: 2.381
[GPU1] epoch: [22/400] loss: 2.381
[GPU0] epoch: [23/400] loss: 2.356
[GPU1] epoch: [23/400] loss: 2.368
[GPU1] epoch: [24/400] loss: 2.341
[GPU0] epoch: [24/400] loss: 2.339
[GPU1] epoch: [25/400] loss: 2.324
[GPU0] epoch: [25/400] loss: 2.321
[GPU0] epoch: [26/400] loss: 2.299
[GPU1] epoch: [26/400] loss: 2.299
[GPU0] epoch: [27/400] loss: 2.281
[GPU1] epoch: [27/400] loss: 2.289
[GPU1] epoch: [28/400] loss: 2.266
[GPU0] epoch: [28/400] loss: 2.266
[GPU1] epoch: [29/400] loss: 2.252
[GPU0] epoch: [29/400] loss: 2.248
[GPU1] epoch: [30/400] loss: 2.233
[GPU0] epoch: [30/400] loss: 2.235
[GPU0] epoch: [31/400] loss: 2.218
[GPU1] epoch: [31/400] loss: 2.217
[GPU0] epoch: [32/400] loss: 2.202
[GPU1] epoch: [32/400] loss: 2.201
[GPU1] epoch: [33/400] loss: 2.191
[GPU0] epoch: [33/400] loss: 2.193
[GPU1] epoch: [34/400] loss: 2.170
[GPU0] epoch: [34/400] loss: 2.169
[GPU0] epoch: [35/400] loss: 2.158
[GPU1] epoch: [35/400] loss: 2.161
[GPU1] epoch: [36/400] loss: 2.152
[GPU0] epoch: [36/400] loss: 2.144
[GPU0] epoch: [37/400] loss: 2.139
[GPU1] epoch: [37/400] loss: 2.136
[GPU1] epoch: [38/400] loss: 2.123
[GPU0] epoch: [38/400] loss: 2.125
[GPU0] epoch: [39/400] loss: 2.114
[GPU1] epoch: [39/400] loss: 2.113
[GPU1] epoch: [40/400] loss: 2.100
[GPU0] epoch: [40/400] loss: 2.092
[GPU1] epoch: [41/400] loss: 2.091
[GPU0] epoch: [41/400] loss: 2.091
[GPU0] epoch: [42/400] loss: 2.082
[GPU1] epoch: [42/400] loss: 2.068
[GPU1] epoch: [43/400] loss: 2.067
[GPU0] epoch: [43/400] loss: 2.064
[GPU1] epoch: [44/400] loss: 2.052
[GPU0] epoch: [44/400] loss: 2.056
[GPU1] epoch: [45/400] loss: 2.043
[GPU0] epoch: [45/400] loss: 2.042
[GPU1] epoch: [46/400] loss: 2.035
[GPU0] epoch: [46/400] loss: 2.028
[GPU0] epoch: [47/400] loss: 2.021
[GPU1] epoch: [47/400] loss: 2.023
[GPU0] epoch: [48/400] loss: 2.019
[GPU1] epoch: [48/400] loss: 2.017
[GPU1] epoch: [49/400] loss: 2.007
[GPU0] epoch: [49/400] loss: 2.001
[GPU1] epoch: [50/400] loss: 1.995
[GPU0] epoch: [50/400] loss: 2.000
Model saved at: saved_models/detr.lr1e-4.wd0.05.e400.dist.ec50.pth
[GPU1] epoch: [51/400] loss: 1.984
[GPU0] epoch: [51/400] loss: 1.986
[GPU0] epoch: [52/400] loss: 1.976
[GPU1] epoch: [52/400] loss: 1.979
[GPU1] epoch: [53/400] loss: 1.968
[GPU0] epoch: [53/400] loss: 1.965
[GPU1] epoch: [54/400] loss: 1.964
[GPU0] epoch: [54/400] loss: 1.959
[GPU0] epoch: [55/400] loss: 1.949
[GPU1] epoch: [55/400] loss: 1.959
[GPU0] epoch: [56/400] loss: 1.952
[GPU1] epoch: [56/400] loss: 1.946
[GPU0] epoch: [57/400] loss: 1.932
[GPU1] epoch: [57/400] loss: 1.934
[GPU1] epoch: [58/400] loss: 1.924
[GPU0] epoch: [58/400] loss: 1.931
[GPU0] epoch: [59/400] loss: 1.920
[GPU1] epoch: [59/400] loss: 1.922
[GPU1] epoch: [60/400] loss: 1.912
[GPU0] epoch: [60/400] loss: 1.911
[GPU1] epoch: [61/400] loss: 1.898
[GPU0] epoch: [61/400] loss: 1.901
[GPU0] epoch: [62/400] loss: 1.890
[GPU1] epoch: [62/400] loss: 1.895
[GPU1] epoch: [63/400] loss: 1.884
[GPU0] epoch: [63/400] loss: 1.891
[GPU1] epoch: [64/400] loss: 1.886
[GPU0] epoch: [64/400] loss: 1.880
[GPU0] epoch: [65/400] loss: 1.877
[GPU1] epoch: [65/400] loss: 1.865
[GPU0] epoch: [66/400] loss: 1.865
[GPU1] epoch: [66/400] loss: 1.864
[GPU1] epoch: [67/400] loss: 1.857
[GPU0] epoch: [67/400] loss: 1.858
[GPU1] epoch: [68/400] loss: 1.855
[GPU0] epoch: [68/400] loss: 1.856
[GPU1] epoch: [69/400] loss: 1.847
[GPU0] epoch: [69/400] loss: 1.844
[GPU0] epoch: [70/400] loss: 1.841
[GPU1] epoch: [70/400] loss: 1.838
[GPU1] epoch: [71/400] loss: 1.835
[GPU0] epoch: [71/400] loss: 1.832
[GPU1] epoch: [72/400] loss: 1.830
[GPU0] epoch: [72/400] loss: 1.822
[GPU0] epoch: [73/400] loss: 1.819
[GPU1] epoch: [73/400] loss: 1.823
[GPU1] epoch: [74/400] loss: 1.813
[GPU0] epoch: [74/400] loss: 1.814
[GPU0] epoch: [75/400] loss: 1.811
[GPU1] epoch: [75/400] loss: 1.806
[GPU1] epoch: [76/400] loss: 1.805
[GPU0] epoch: [76/400] loss: 1.797
[GPU0] epoch: [77/400] loss: 1.794
[GPU1] epoch: [77/400] loss: 1.797
[GPU0] epoch: [78/400] loss: 1.790
[GPU1] epoch: [78/400] loss: 1.793
[GPU1] epoch: [79/400] loss: 1.779
[GPU0] epoch: [79/400] loss: 1.782
[GPU0] epoch: [80/400] loss: 1.778
[GPU1] epoch: [80/400] loss: 1.774
[GPU1] epoch: [81/400] loss: 1.772
[GPU0] epoch: [81/400] loss: 1.772
[GPU0] epoch: [82/400] loss: 1.769
[GPU1] epoch: [82/400] loss: 1.776
[GPU0] epoch: [83/400] loss: 1.768
[GPU1] epoch: [83/400] loss: 1.758
[GPU0] epoch: [84/400] loss: 1.753
[GPU1] epoch: [84/400] loss: 1.756
[GPU1] epoch: [85/400] loss: 1.751
[GPU0] epoch: [85/400] loss: 1.756
[GPU1] epoch: [86/400] loss: 1.745
[GPU0] epoch: [86/400] loss: 1.748
[GPU0] epoch: [87/400] loss: 1.740
[GPU1] epoch: [87/400] loss: 1.735
[GPU0] epoch: [88/400] loss: 1.734
[GPU1] epoch: [88/400] loss: 1.732
[GPU1] epoch: [89/400] loss: 1.726
[GPU0] epoch: [89/400] loss: 1.728
[GPU1] epoch: [90/400] loss: 1.721
[GPU0] epoch: [90/400] loss: 1.729
[GPU1] epoch: [91/400] loss: 1.719
[GPU0] epoch: [91/400] loss: 1.716
[GPU0] epoch: [92/400] loss: 1.716
[GPU1] epoch: [92/400] loss: 1.723
[GPU0] epoch: [93/400] loss: 1.712
[GPU1] epoch: [93/400] loss: 1.712
[GPU0] epoch: [94/400] loss: 1.704
[GPU1] epoch: [94/400] loss: 1.701
[GPU0] epoch: [95/400] loss: 1.702
[GPU1] epoch: [95/400] loss: 1.700
[GPU1] epoch: [96/400] loss: 1.698
[GPU0] epoch: [96/400] loss: 1.689
[GPU0] epoch: [97/400] loss: 1.694
[GPU1] epoch: [97/400] loss: 1.688
[GPU1] epoch: [98/400] loss: 1.690
[GPU0] epoch: [98/400] loss: 1.689
[GPU1] epoch: [99/400] loss: 1.682
[GPU0] epoch: [99/400] loss: 1.687
[GPU1] epoch: [100/400] loss: 1.680
[GPU0] epoch: [100/400] loss: 1.680
Model saved at: saved_models/detr.lr1e-4.wd0.05.e400.dist.ec100.pth
[GPU0] epoch: [101/400] loss: 1.672
[GPU1] epoch: [101/400] loss: 1.673
[GPU1] epoch: [102/400] loss: 1.673
[GPU0] epoch: [102/400] loss: 1.672
[GPU0] epoch: [103/400] loss: 1.661
[GPU1] epoch: [103/400] loss: 1.661
[GPU1] epoch: [104/400] loss: 1.657
[GPU0] epoch: [104/400] loss: 1.662
[GPU0] epoch: [105/400] loss: 1.654
[GPU1] epoch: [105/400] loss: 1.655
[GPU0] epoch: [106/400] loss: 1.650
[GPU1] epoch: [106/400] loss: 1.655
[GPU0] epoch: [107/400] loss: 1.653
[GPU1] epoch: [107/400] loss: 1.647
[GPU0] epoch: [108/400] loss: 1.643
[GPU1] epoch: [108/400] loss: 1.652
[GPU1] epoch: [109/400] loss: 1.645
[GPU0] epoch: [109/400] loss: 1.642
[GPU1] epoch: [110/400] loss: 1.633
[GPU0] epoch: [110/400] loss: 1.641
[GPU0] epoch: [111/400] loss: 1.628
[GPU1] epoch: [111/400] loss: 1.634
[GPU1] epoch: [112/400] loss: 1.632
[GPU0] epoch: [112/400] loss: 1.627
[GPU1] epoch: [113/400] loss: 1.631
[GPU0] epoch: [113/400] loss: 1.630
[GPU1] epoch: [114/400] loss: 1.621
[GPU0] epoch: [114/400] loss: 1.628
[GPU1] epoch: [115/400] loss: 1.622
[GPU0] epoch: [115/400] loss: 1.623
[GPU0] epoch: [116/400] loss: 1.622
[GPU1] epoch: [116/400] loss: 1.618
[GPU1] epoch: [117/400] loss: 1.614
[GPU0] epoch: [117/400] loss: 1.614
[GPU1] epoch: [118/400] loss: 1.610
[GPU0] epoch: [118/400] loss: 1.615
[GPU1] epoch: [119/400] loss: 1.611
[GPU0] epoch: [119/400] loss: 1.611
[GPU1] epoch: [120/400] loss: 1.608
[GPU0] epoch: [120/400] loss: 1.611
[GPU1] epoch: [121/400] loss: 1.599
[GPU0] epoch: [121/400] loss: 1.607
[GPU0] epoch: [122/400] loss: 1.601
[GPU1] epoch: [122/400] loss: 1.602
[GPU1] epoch: [123/400] loss: 1.606
[GPU0] epoch: [123/400] loss: 1.599
[GPU1] epoch: [124/400] loss: 1.599
[GPU0] epoch: [124/400] loss: 1.593
[GPU0] epoch: [125/400] loss: 1.597
[GPU1] epoch: [125/400] loss: 1.588
[GPU0] epoch: [126/400] loss: 1.594
[GPU1] epoch: [126/400] loss: 1.590
[GPU0] epoch: [127/400] loss: 1.588
[GPU1] epoch: [127/400] loss: 1.590
[GPU1] epoch: [128/400] loss: 1.590
[GPU0] epoch: [128/400] loss: 1.585
[GPU0] epoch: [129/400] loss: 1.585
[GPU1] epoch: [129/400] loss: 1.583
[GPU1] epoch: [130/400] loss: 1.582
[GPU0] epoch: [130/400] loss: 1.577
[GPU1] epoch: [131/400] loss: 1.579
[GPU0] epoch: [131/400] loss: 1.581
[GPU0] epoch: [132/400] loss: 1.579
[GPU1] epoch: [132/400] loss: 1.574
[GPU0] epoch: [133/400] loss: 1.575
[GPU1] epoch: [133/400] loss: 1.571
[GPU0] epoch: [134/400] loss: 1.575
[GPU1] epoch: [134/400] loss: 1.570
[GPU0] epoch: [135/400] loss: 1.568
[GPU1] epoch: [135/400] loss: 1.573
[GPU0] epoch: [136/400] loss: 1.564
[GPU1] epoch: [136/400] loss: 1.569
[GPU1] epoch: [137/400] loss: 1.568
[GPU0] epoch: [137/400] loss: 1.567
[GPU0] epoch: [138/400] loss: 1.566
[GPU1] epoch: [138/400] loss: 1.563
[GPU0] epoch: [139/400] loss: 1.559
[GPU1] epoch: [139/400] loss: 1.563
[GPU1] epoch: [140/400] loss: 1.560
[GPU0] epoch: [140/400] loss: 1.561
[GPU1] epoch: [141/400] loss: 1.561
[GPU0] epoch: [141/400] loss: 1.561
[GPU0] epoch: [142/400] loss: 1.556
[GPU1] epoch: [142/400] loss: 1.554
[GPU1] epoch: [143/400] loss: 1.556
[GPU0] epoch: [143/400] loss: 1.555
[GPU0] epoch: [144/400] loss: 1.553
[GPU1] epoch: [144/400] loss: 1.550
[GPU1] epoch: [145/400] loss: 1.551
[GPU0] epoch: [145/400] loss: 1.545
[GPU0] epoch: [146/400] loss: 1.549
[GPU1] epoch: [146/400] loss: 1.544
[GPU0] epoch: [147/400] loss: 1.547
[GPU1] epoch: [147/400] loss: 1.554
[GPU0] epoch: [148/400] loss: 1.544
[GPU1] epoch: [148/400] loss: 1.548
[GPU0] epoch: [149/400] loss: 1.546
[GPU1] epoch: [149/400] loss: 1.547
[GPU1] epoch: [150/400] loss: 1.544
[GPU0] epoch: [150/400] loss: 1.545
Model saved at: saved_models/detr.lr1e-4.wd0.05.e400.dist.ec150.pth
[GPU1] epoch: [151/400] loss: 1.537
[GPU0] epoch: [151/400] loss: 1.544
[GPU0] epoch: [152/400] loss: 1.545
[GPU1] epoch: [152/400] loss: 1.541
[GPU0] epoch: [153/400] loss: 1.544
[GPU1] epoch: [153/400] loss: 1.543
[GPU0] epoch: [154/400] loss: 1.540
[GPU1] epoch: [154/400] loss: 1.538
[GPU1] epoch: [155/400] loss: 1.533
[GPU0] epoch: [155/400] loss: 1.544
[GPU1] epoch: [156/400] loss: 1.539
[GPU0] epoch: [156/400] loss: 1.538
[GPU0] epoch: [157/400] loss: 1.539
[GPU1] epoch: [157/400] loss: 1.537
[GPU0] epoch: [158/400] loss: 1.534
[GPU1] epoch: [158/400] loss: 1.539
[GPU1] epoch: [159/400] loss: 1.531
[GPU0] epoch: [159/400] loss: 1.534
[GPU0] epoch: [160/400] loss: 1.538
[GPU1] epoch: [160/400] loss: 1.535
[GPU1] epoch: [161/400] loss: 1.533
[GPU0] epoch: [161/400] loss: 1.528
[GPU1] epoch: [162/400] loss: 1.530
[GPU0] epoch: [162/400] loss: 1.532
[GPU1] epoch: [163/400] loss: 1.527
[GPU0] epoch: [163/400] loss: 1.530
[GPU1] epoch: [164/400] loss: 1.525
[GPU0] epoch: [164/400] loss: 1.528
[GPU1] epoch: [165/400] loss: 1.527
[GPU0] epoch: [165/400] loss: 1.527
[GPU0] epoch: [166/400] loss: 1.524
[GPU1] epoch: [166/400] loss: 1.523
[GPU0] epoch: [167/400] loss: 1.524
[GPU1] epoch: [167/400] loss: 1.528
[GPU0] epoch: [168/400] loss: 1.524
[GPU1] epoch: [168/400] loss: 1.527
[GPU1] epoch: [169/400] loss: 1.532
[GPU0] epoch: [169/400] loss: 1.522
[GPU1] epoch: [170/400] loss: 1.520
[GPU0] epoch: [170/400] loss: 1.521
[GPU1] epoch: [171/400] loss: 1.525
[GPU0] epoch: [171/400] loss: 1.526
[GPU1] epoch: [172/400] loss: 1.520
[GPU0] epoch: [172/400] loss: 1.530
[GPU0] epoch: [173/400] loss: 1.527
[GPU1] epoch: [173/400] loss: 1.521
[GPU1] epoch: [174/400] loss: 1.521
[GPU0] epoch: [174/400] loss: 1.523
[GPU0] epoch: [175/400] loss: 1.519
[GPU1] epoch: [175/400] loss: 1.524
[GPU0] epoch: [176/400] loss: 1.525
[GPU1] epoch: [176/400] loss: 1.525
[GPU1] epoch: [177/400] loss: 1.520
[GPU0] epoch: [177/400] loss: 1.521
[GPU1] epoch: [178/400] loss: 1.520
[GPU0] epoch: [178/400] loss: 1.525
[GPU1] epoch: [179/400] loss: 1.519
[GPU0] epoch: [179/400] loss: 1.521
[GPU1] epoch: [180/400] loss: 1.521
[GPU0] epoch: [180/400] loss: 1.520
[GPU1] epoch: [181/400] loss: 1.523
[GPU0] epoch: [181/400] loss: 1.517
[GPU1] epoch: [182/400] loss: 1.524
[GPU0] epoch: [182/400] loss: 1.518
[GPU1] epoch: [183/400] loss: 1.523
[GPU0] epoch: [183/400] loss: 1.513
[GPU1] epoch: [184/400] loss: 1.517
[GPU0] epoch: [184/400] loss: 1.517
[GPU1] epoch: [185/400] loss: 1.510
[GPU0] epoch: [185/400] loss: 1.518
[GPU0] epoch: [186/400] loss: 1.521
[GPU1] epoch: [186/400] loss: 1.520
[GPU1] epoch: [187/400] loss: 1.515
[GPU0] epoch: [187/400] loss: 1.517
[GPU1] epoch: [188/400] loss: 1.522
[GPU0] epoch: [188/400] loss: 1.521
[GPU1] epoch: [189/400] loss: 1.517
[GPU0] epoch: [189/400] loss: 1.522
[GPU1] epoch: [190/400] loss: 1.517
[GPU0] epoch: [190/400] loss: 1.519
[GPU0] epoch: [191/400] loss: 1.524
[GPU1] epoch: [191/400] loss: 1.514
[GPU0] epoch: [192/400] loss: 1.508
[GPU1] epoch: [192/400] loss: 1.513
[GPU1] epoch: [193/400] loss: 1.518
[GPU0] epoch: [193/400] loss: 1.516
[GPU1] epoch: [194/400] loss: 1.520
[GPU0] epoch: [194/400] loss: 1.521
[GPU1] epoch: [195/400] loss: 1.516
[GPU0] epoch: [195/400] loss: 1.519
[GPU1] epoch: [196/400] loss: 1.521
[GPU0] epoch: [196/400] loss: 1.516
[GPU0] epoch: [197/400] loss: 1.519
[GPU1] epoch: [197/400] loss: 1.516
[GPU0] epoch: [198/400] loss: 1.516
[GPU1] epoch: [198/400] loss: 1.516
[GPU1] epoch: [199/400] loss: 1.523
[GPU0] epoch: [199/400] loss: 1.517
[GPU0] epoch: [200/400] loss: 1.516
[GPU1] epoch: [200/400] loss: 1.523
Model saved at: saved_models/detr.lr1e-4.wd0.05.e400.dist.ec200.pth
[GPU1] epoch: [201/400] loss: 1.521
[GPU0] epoch: [201/400] loss: 1.516
[GPU1] epoch: [202/400] loss: 1.515
[GPU0] epoch: [202/400] loss: 1.519
[GPU1] epoch: [203/400] loss: 1.519
[GPU0] epoch: [203/400] loss: 1.515
[GPU1] epoch: [204/400] loss: 1.515
[GPU0] epoch: [204/400] loss: 1.521
[GPU1] epoch: [205/400] loss: 1.517
[GPU0] epoch: [205/400] loss: 1.518
[GPU0] epoch: [206/400] loss: 1.513
[GPU1] epoch: [206/400] loss: 1.520
[GPU0] epoch: [207/400] loss: 1.520
[GPU1] epoch: [207/400] loss: 1.516
[GPU1] epoch: [208/400] loss: 1.520
[GPU0] epoch: [208/400] loss: 1.521
[GPU0] epoch: [209/400] loss: 1.519
[GPU1] epoch: [209/400] loss: 1.519
[GPU1] epoch: [210/400] loss: 1.515
[GPU0] epoch: [210/400] loss: 1.522
[GPU1] epoch: [211/400] loss: 1.524
[GPU0] epoch: [211/400] loss: 1.519
[GPU0] epoch: [212/400] loss: 1.518
[GPU1] epoch: [212/400] loss: 1.518
[GPU0] epoch: [213/400] loss: 1.527
[GPU1] epoch: [213/400] loss: 1.526
[GPU0] epoch: [214/400] loss: 1.523
[GPU1] epoch: [214/400] loss: 1.528
[GPU0] epoch: [215/400] loss: 1.522
[GPU1] epoch: [215/400] loss: 1.518
[GPU0] epoch: [216/400] loss: 1.523
[GPU1] epoch: [216/400] loss: 1.525
[GPU0] epoch: [217/400] loss: 1.525
[GPU1] epoch: [217/400] loss: 1.522
[GPU0] epoch: [218/400] loss: 1.523
[GPU1] epoch: [218/400] loss: 1.521
[GPU0] epoch: [219/400] loss: 1.521
[GPU1] epoch: [219/400] loss: 1.521
[GPU1] epoch: [220/400] loss: 1.519
[GPU0] epoch: [220/400] loss: 1.518
[GPU0] epoch: [221/400] loss: 1.517
[GPU1] epoch: [221/400] loss: 1.517
[GPU0] epoch: [222/400] loss: 1.519
[GPU1] epoch: [222/400] loss: 1.522
[GPU0] epoch: [223/400] loss: 1.525
[GPU1] epoch: [223/400] loss: 1.522
[GPU0] epoch: [224/400] loss: 1.522
[GPU1] epoch: [224/400] loss: 1.524
[GPU1] epoch: [225/400] loss: 1.522
[GPU0] epoch: [225/400] loss: 1.520
[GPU1] epoch: [226/400] loss: 1.525
[GPU0] epoch: [226/400] loss: 1.521
[GPU1] epoch: [227/400] loss: 1.525
[GPU0] epoch: [227/400] loss: 1.522
[GPU1] epoch: [228/400] loss: 1.524
[GPU0] epoch: [228/400] loss: 1.526
[GPU0] epoch: [229/400] loss: 1.524
[GPU1] epoch: [229/400] loss: 1.533
[GPU1] epoch: [230/400] loss: 1.519
[GPU0] epoch: [230/400] loss: 1.532
[GPU0] epoch: [231/400] loss: 1.527
[GPU1] epoch: [231/400] loss: 1.525
[GPU1] epoch: [232/400] loss: 1.521
[GPU0] epoch: [232/400] loss: 1.529
[GPU1] epoch: [233/400] loss: 1.527
[GPU0] epoch: [233/400] loss: 1.529
[GPU1] epoch: [234/400] loss: 1.533
[GPU0] epoch: [234/400] loss: 1.526
[GPU1] epoch: [235/400] loss: 1.528
[GPU0] epoch: [235/400] loss: 1.528
[GPU1] epoch: [236/400] loss: 1.529
[GPU0] epoch: [236/400] loss: 1.525
[GPU0] epoch: [237/400] loss: 1.525
[GPU1] epoch: [237/400] loss: 1.524
[GPU0] epoch: [238/400] loss: 1.528
[GPU1] epoch: [238/400] loss: 1.526
[GPU1] epoch: [239/400] loss: 1.529
[GPU0] epoch: [239/400] loss: 1.529
[GPU1] epoch: [240/400] loss: 1.528
[GPU0] epoch: [240/400] loss: 1.526
[GPU1] epoch: [241/400] loss: 1.529
[GPU0] epoch: [241/400] loss: 1.529
[GPU1] epoch: [242/400] loss: 1.527
[GPU0] epoch: [242/400] loss: 1.528
[GPU1] epoch: [243/400] loss: 1.527
[GPU0] epoch: [243/400] loss: 1.536
[GPU0] epoch: [244/400] loss: 1.524
[GPU1] epoch: [244/400] loss: 1.529
[GPU1] epoch: [245/400] loss: 1.530
[GPU0] epoch: [245/400] loss: 1.528
[GPU0] epoch: [246/400] loss: 1.527
[GPU1] epoch: [246/400] loss: 1.532
[GPU1] epoch: [247/400] loss: 1.532
[GPU0] epoch: [247/400] loss: 1.531
[GPU1] epoch: [248/400] loss: 1.530
[GPU0] epoch: [248/400] loss: 1.526
[GPU1] epoch: [249/400] loss: 1.535
[GPU0] epoch: [249/400] loss: 1.528
[GPU1] epoch: [250/400] loss: 1.530
[GPU0] epoch: [250/400] loss: 1.530
Model saved at: saved_models/detr.lr1e-4.wd0.05.e400.dist.ec250.pth
[GPU0] epoch: [251/400] loss: 1.528
[GPU1] epoch: [251/400] loss: 1.532
[GPU1] epoch: [252/400] loss: 1.532
[GPU0] epoch: [252/400] loss: 1.533
[GPU1] epoch: [253/400] loss: 1.531
[GPU0] epoch: [253/400] loss: 1.531
[GPU1] epoch: [254/400] loss: 1.531
[GPU0] epoch: [254/400] loss: 1.532
[GPU0] epoch: [255/400] loss: 1.528
[GPU1] epoch: [255/400] loss: 1.530
[GPU1] epoch: [256/400] loss: 1.530
[GPU0] epoch: [256/400] loss: 1.533
[GPU0] epoch: [257/400] loss: 1.530
[GPU1] epoch: [257/400] loss: 1.536
[GPU0] epoch: [258/400] loss: 1.534
[GPU1] epoch: [258/400] loss: 1.529
[GPU1] epoch: [259/400] loss: 1.532
[GPU0] epoch: [259/400] loss: 1.533
[GPU0] epoch: [260/400] loss: 1.532
[GPU1] epoch: [260/400] loss: 1.529
[GPU0] epoch: [261/400] loss: 1.537
[GPU1] epoch: [261/400] loss: 1.524
[GPU1] epoch: [262/400] loss: 1.538
[GPU0] epoch: [262/400] loss: 1.531
[GPU1] epoch: [263/400] loss: 1.535
[GPU0] epoch: [263/400] loss: 1.535
[GPU1] epoch: [264/400] loss: 1.538
[GPU0] epoch: [264/400] loss: 1.532
[GPU1] epoch: [265/400] loss: 1.537
[GPU0] epoch: [265/400] loss: 1.532
[GPU1] epoch: [266/400] loss: 1.528
[GPU0] epoch: [266/400] loss: 1.526
[GPU1] epoch: [267/400] loss: 1.534
[GPU0] epoch: [267/400] loss: 1.529
[GPU0] epoch: [268/400] loss: 1.537
[GPU1] epoch: [268/400] loss: 1.537
[GPU0] epoch: [269/400] loss: 1.535
[GPU1] epoch: [269/400] loss: 1.536
[GPU1] epoch: [270/400] loss: 1.533
[GPU0] epoch: [270/400] loss: 1.527
[GPU1] epoch: [271/400] loss: 1.534
[GPU0] epoch: [271/400] loss: 1.534
[GPU1] epoch: [272/400] loss: 1.528
[GPU0] epoch: [272/400] loss: 1.528
[GPU0] epoch: [273/400] loss: 1.536
[GPU1] epoch: [273/400] loss: 1.540
[GPU1] epoch: [274/400] loss: 1.535
[GPU0] epoch: [274/400] loss: 1.533
[GPU0] epoch: [275/400] loss: 1.532
[GPU1] epoch: [275/400] loss: 1.538
[GPU1] epoch: [276/400] loss: 1.544
[GPU0] epoch: [276/400] loss: 1.531
[GPU1] epoch: [277/400] loss: 1.532
[GPU0] epoch: [277/400] loss: 1.535
[GPU0] epoch: [278/400] loss: 1.532
[GPU1] epoch: [278/400] loss: 1.535
[GPU0] epoch: [279/400] loss: 1.531
[GPU1] epoch: [279/400] loss: 1.534
[GPU0] epoch: [280/400] loss: 1.536
[GPU1] epoch: [280/400] loss: 1.532
[GPU1] epoch: [281/400] loss: 1.536
[GPU0] epoch: [281/400] loss: 1.527
[GPU0] epoch: [282/400] loss: 1.531
[GPU1] epoch: [282/400] loss: 1.532
[GPU1] epoch: [283/400] loss: 1.530
[GPU0] epoch: [283/400] loss: 1.540
[GPU1] epoch: [284/400] loss: 1.528
[GPU0] epoch: [284/400] loss: 1.536
[GPU1] epoch: [285/400] loss: 1.530
[GPU0] epoch: [285/400] loss: 1.535
[GPU1] epoch: [286/400] loss: 1.533
[GPU0] epoch: [286/400] loss: 1.529
[GPU1] epoch: [287/400] loss: 1.534
[GPU0] epoch: [287/400] loss: 1.531
[GPU0] epoch: [288/400] loss: 1.531
[GPU1] epoch: [288/400] loss: 1.536
[GPU1] epoch: [289/400] loss: 1.533
[GPU0] epoch: [289/400] loss: 1.529
[GPU1] epoch: [290/400] loss: 1.532
[GPU0] epoch: [290/400] loss: 1.526
[GPU1] epoch: [291/400] loss: 1.533
[GPU0] epoch: [291/400] loss: 1.540
[GPU0] epoch: [292/400] loss: 1.531
[GPU1] epoch: [292/400] loss: 1.533
[GPU0] epoch: [293/400] loss: 1.532
[GPU1] epoch: [293/400] loss: 1.528
[GPU1] epoch: [294/400] loss: 1.531
[GPU0] epoch: [294/400] loss: 1.535
[GPU0] epoch: [295/400] loss: 1.531
[GPU1] epoch: [295/400] loss: 1.528
[GPU1] epoch: [296/400] loss: 1.533
[GPU0] epoch: [296/400] loss: 1.531
[GPU1] epoch: [297/400] loss: 1.532
[GPU0] epoch: [297/400] loss: 1.532
[GPU0] epoch: [298/400] loss: 1.532
[GPU1] epoch: [298/400] loss: 1.526
[GPU0] epoch: [299/400] loss: 1.532
[GPU1] epoch: [299/400] loss: 1.530
[GPU0] epoch: [300/400] loss: 1.527
[GPU1] epoch: [300/400] loss: 1.528
Model saved at: saved_models/detr.lr1e-4.wd0.05.e400.dist.ec300.pth
[GPU1] epoch: [301/400] loss: 1.533
[GPU0] epoch: [301/400] loss: 1.534
[GPU0] epoch: [302/400] loss: 1.526
[GPU1] epoch: [302/400] loss: 1.532
[GPU1] epoch: [303/400] loss: 1.538
[GPU0] epoch: [303/400] loss: 1.530
[GPU1] epoch: [304/400] loss: 1.532
[GPU0] epoch: [304/400] loss: 1.535
[GPU0] epoch: [305/400] loss: 1.536
[GPU1] epoch: [305/400] loss: 1.533
[GPU0] epoch: [306/400] loss: 1.530
[GPU1] epoch: [306/400] loss: 1.532
[GPU0] epoch: [307/400] loss: 1.529
[GPU1] epoch: [307/400] loss: 1.531
[GPU0] epoch: [308/400] loss: 1.531
[GPU1] epoch: [308/400] loss: 1.533
[GPU1] epoch: [309/400] loss: 1.527
[GPU0] epoch: [309/400] loss: 1.531
[GPU1] epoch: [310/400] loss: 1.528
[GPU0] epoch: [310/400] loss: 1.530
[GPU0] epoch: [311/400] loss: 1.532
[GPU1] epoch: [311/400] loss: 1.529
[GPU1] epoch: [312/400] loss: 1.525
[GPU0] epoch: [312/400] loss: 1.529
[GPU0] epoch: [313/400] loss: 1.531
[GPU1] epoch: [313/400] loss: 1.524
[GPU1] epoch: [314/400] loss: 1.526
[GPU0] epoch: [314/400] loss: 1.532
[GPU0] epoch: [315/400] loss: 1.527
[GPU1] epoch: [315/400] loss: 1.526
[GPU1] epoch: [316/400] loss: 1.521
[GPU0] epoch: [316/400] loss: 1.526
[GPU1] epoch: [317/400] loss: 1.527
[GPU0] epoch: [317/400] loss: 1.526
[GPU0] epoch: [318/400] loss: 1.528
[GPU1] epoch: [318/400] loss: 1.523
[GPU0] epoch: [319/400] loss: 1.528
[GPU1] epoch: [319/400] loss: 1.518
[GPU0] epoch: [320/400] loss: 1.519
[GPU1] epoch: [320/400] loss: 1.527
[GPU0] epoch: [321/400] loss: 1.523
[GPU1] epoch: [321/400] loss: 1.523
[GPU0] epoch: [322/400] loss: 1.521
[GPU1] epoch: [322/400] loss: 1.514
[GPU0] epoch: [323/400] loss: 1.516
[GPU1] epoch: [323/400] loss: 1.520
[GPU1] epoch: [324/400] loss: 1.521
[GPU0] epoch: [324/400] loss: 1.522
[GPU0] epoch: [325/400] loss: 1.522
[GPU1] epoch: [325/400] loss: 1.524
[GPU0] epoch: [326/400] loss: 1.518
[GPU1] epoch: [326/400] loss: 1.520
[GPU0] epoch: [327/400] loss: 1.522
[GPU1] epoch: [327/400] loss: 1.517
[GPU0] epoch: [328/400] loss: 1.520
[GPU1] epoch: [328/400] loss: 1.516
[GPU0] epoch: [329/400] loss: 1.520
[GPU1] epoch: [329/400] loss: 1.518
[GPU0] epoch: [330/400] loss: 1.514
[GPU1] epoch: [330/400] loss: 1.517
[GPU0] epoch: [331/400] loss: 1.515
[GPU1] epoch: [331/400] loss: 1.512
[GPU1] epoch: [332/400] loss: 1.516
[GPU0] epoch: [332/400] loss: 1.519
[GPU0] epoch: [333/400] loss: 1.516
[GPU1] epoch: [333/400] loss: 1.508
[GPU1] epoch: [334/400] loss: 1.510
[GPU0] epoch: [334/400] loss: 1.518
[GPU0] epoch: [335/400] loss: 1.512
[GPU1] epoch: [335/400] loss: 1.517
[GPU1] epoch: [336/400] loss: 1.509
[GPU0] epoch: [336/400] loss: 1.514
[GPU1] epoch: [337/400] loss: 1.511
[GPU0] epoch: [337/400] loss: 1.518
[GPU0] epoch: [338/400] loss: 1.511
[GPU1] epoch: [338/400] loss: 1.509
[GPU1] epoch: [339/400] loss: 1.509
[GPU0] epoch: [339/400] loss: 1.513
[GPU0] epoch: [340/400] loss: 1.513
[GPU1] epoch: [340/400] loss: 1.512
[GPU1] epoch: [341/400] loss: 1.513
[GPU0] epoch: [341/400] loss: 1.507
[GPU1] epoch: [342/400] loss: 1.510
[GPU0] epoch: [342/400] loss: 1.511
[GPU1] epoch: [343/400] loss: 1.511
[GPU0] epoch: [343/400] loss: 1.510
[GPU0] epoch: [344/400] loss: 1.500
[GPU1] epoch: [344/400] loss: 1.506
[GPU0] epoch: [345/400] loss: 1.504
[GPU1] epoch: [345/400] loss: 1.511
[GPU0] epoch: [346/400] loss: 1.503
[GPU1] epoch: [346/400] loss: 1.505
[GPU1] epoch: [347/400] loss: 1.505
[GPU0] epoch: [347/400] loss: 1.508
[GPU0] epoch: [348/400] loss: 1.504
[GPU1] epoch: [348/400] loss: 1.507
[GPU0] epoch: [349/400] loss: 1.506
[GPU1] epoch: [349/400] loss: 1.502
[GPU0] epoch: [350/400] loss: 1.501
[GPU1] epoch: [350/400] loss: 1.501
Model saved at: saved_models/detr.lr1e-4.wd0.05.e400.dist.ec350.pth
[GPU1] epoch: [351/400] loss: 1.498
[GPU0] epoch: [351/400] loss: 1.502
[GPU0] epoch: [352/400] loss: 1.503
[GPU1] epoch: [352/400] loss: 1.502
[GPU1] epoch: [353/400] loss: 1.505
[GPU0] epoch: [353/400] loss: 1.500
[GPU1] epoch: [354/400] loss: 1.502
[GPU0] epoch: [354/400] loss: 1.499
[GPU1] epoch: [355/400] loss: 1.499
[GPU0] epoch: [355/400] loss: 1.492
[GPU0] epoch: [356/400] loss: 1.491[GPU1] epoch: [356/400] loss: 1.498

[GPU1] epoch: [357/400] loss: 1.497
[GPU0] epoch: [357/400] loss: 1.493
[GPU1] epoch: [358/400] loss: 1.497
[GPU0] epoch: [358/400] loss: 1.491
[GPU1] epoch: [359/400] loss: 1.494
[GPU0] epoch: [359/400] loss: 1.493
[GPU1] epoch: [360/400] loss: 1.494
[GPU0] epoch: [360/400] loss: 1.496
[GPU0] epoch: [361/400] loss: 1.489
[GPU1] epoch: [361/400] loss: 1.492
[GPU0] epoch: [362/400] loss: 1.492
[GPU1] epoch: [362/400] loss: 1.492
[GPU0] epoch: [363/400] loss: 1.492
[GPU1] epoch: [363/400] loss: 1.495
[GPU1] epoch: [364/400] loss: 1.484
[GPU0] epoch: [364/400] loss: 1.487
[GPU0] epoch: [365/400] loss: 1.486
[GPU1] epoch: [365/400] loss: 1.488
[GPU1] epoch: [366/400] loss: 1.479
[GPU0] epoch: [366/400] loss: 1.486
[GPU1] epoch: [367/400] loss: 1.484
[GPU0] epoch: [367/400] loss: 1.488
[GPU1] epoch: [368/400] loss: 1.484
[GPU0] epoch: [368/400] loss: 1.486
[GPU0] epoch: [369/400] loss: 1.479
[GPU1] epoch: [369/400] loss: 1.484
[GPU0] epoch: [370/400] loss: 1.481
[GPU1] epoch: [370/400] loss: 1.483
[GPU1] epoch: [371/400] loss: 1.479
[GPU0] epoch: [371/400] loss: 1.484
[GPU0] epoch: [372/400] loss: 1.479
[GPU1] epoch: [372/400] loss: 1.479
[GPU1] epoch: [373/400] loss: 1.484
[GPU0] epoch: [373/400] loss: 1.475
[GPU1] epoch: [374/400] loss: 1.474
[GPU0] epoch: [374/400] loss: 1.478
[GPU0] epoch: [375/400] loss: 1.474
[GPU1] epoch: [375/400] loss: 1.485
[GPU1] epoch: [376/400] loss: 1.484
[GPU0] epoch: [376/400] loss: 1.478
[GPU1] epoch: [377/400] loss: 1.475
[GPU0] epoch: [377/400] loss: 1.469
[GPU0] epoch: [378/400] loss: 1.472
[GPU1] epoch: [378/400] loss: 1.476
[GPU1] epoch: [379/400] loss: 1.470
[GPU0] epoch: [379/400] loss: 1.471
[GPU1] epoch: [380/400] loss: 1.468
[GPU0] epoch: [380/400] loss: 1.469
[GPU1] epoch: [381/400] loss: 1.472
[GPU0] epoch: [381/400] loss: 1.472
[GPU1] epoch: [382/400] loss: 1.468
[GPU0] epoch: [382/400] loss: 1.471
[GPU1] epoch: [383/400] loss: 1.466
[GPU0] epoch: [383/400] loss: 1.466
[GPU1] epoch: [384/400] loss: 1.466
[GPU0] epoch: [384/400] loss: 1.464
[GPU0] epoch: [385/400] loss: 1.458
[GPU1] epoch: [385/400] loss: 1.460
[GPU1] epoch: [386/400] loss: 1.460
[GPU0] epoch: [386/400] loss: 1.456
[GPU0] epoch: [387/400] loss: 1.459
[GPU1] epoch: [387/400] loss: 1.460
[GPU0] epoch: [388/400] loss: 1.458
[GPU1] epoch: [388/400] loss: 1.462
[GPU1] epoch: [389/400] loss: 1.457
[GPU0] epoch: [389/400] loss: 1.457
[GPU1] epoch: [390/400] loss: 1.463
[GPU0] epoch: [390/400] loss: 1.458
[GPU0] epoch: [391/400] loss: 1.452
[GPU1] epoch: [391/400] loss: 1.455
[GPU0] epoch: [392/400] loss: 1.451
[GPU1] epoch: [392/400] loss: 1.457
[GPU1] epoch: [393/400] loss: 1.448
[GPU0] epoch: [393/400] loss: 1.447
[GPU1] epoch: [394/400] loss: 1.453
[GPU0] epoch: [394/400] loss: 1.452
[GPU1] epoch: [395/400] loss: 1.451
[GPU0] epoch: [395/400] loss: 1.450
[GPU0] epoch: [396/400] loss: 1.450
[GPU1] epoch: [396/400] loss: 1.447
[GPU0] epoch: [397/400] loss: 1.444
[GPU1] epoch: [397/400] loss: 1.443
[GPU0] epoch: [398/400] loss: 1.447
[GPU1] epoch: [398/400] loss: 1.447
[GPU1] epoch: [399/400] loss: 1.444
[GPU0] epoch: [399/400] loss: 1.438
[GPU0] epoch: [400/400] loss: 1.440
[GPU1] epoch: [400/400] loss: 1.438
rank:0 reached barrierrank:1 reached barrier

destroying for rank: 1 and global_rank: 1
Model weights saved
destroying for rank: 0 and global_rank: 0
pretraining time: 17h 37m 51s
pretraining time: 17h 37m 52s
