W0616 10:52:23.753000 140242829508608 torch/distributed/run.py:757] 
W0616 10:52:23.753000 140242829508608 torch/distributed/run.py:757] *****************************************
W0616 10:52:23.753000 140242829508608 torch/distributed/run.py:757] Setting OMP_NUM_THREADS environment variable for each process to be 1 in default, to avoid your system being overloaded, please further tune the variable for optimal performance in your application as needed. 
W0616 10:52:23.753000 140242829508608 torch/distributed/run.py:757] *****************************************
/data/home/nirbhays/envs/mlenv/lib/python3.10/site-packages/torchtext/data/__init__.py:4: UserWarning: 
/!\ IMPORTANT WARNING ABOUT TORCHTEXT STATUS /!\ 
Torchtext is deprecated and the last released version will be 0.18 (this one). You can silence this warning by calling the following at the beginnign of your scripts: `import torchtext; torchtext.disable_torchtext_deprecation_warning()`
  warnings.warn(torchtext._TORCHTEXT_DEPRECATION_MSG)
2
environment: 
YAML: configs/res.detr.vit.yaml
==> SEED: 42
==> data: {'data_path': '/data/home/nirbhays/dataset', 'batch_size': 256, 'img_size': [256, 340], 'vocab_save_path': 'vocabulary/vocab.coco.detr.pkl', 'num_workers': 4, 'pin_memory': True, 'prefetch_factor': 2, 'distributed': True}
==> return_logs: False
==> epochs: 80
==> gpu_id: 0
==> opt: AdamW
==> opt_params: {'lr': 0.0002, 'weight_decay': 0.05}
==> schedular_params: {'T_max': 80, 'eta_min': 0.001}
==> model_params: {'backbone_layers': ['conv1', 'bn1', 'relu', 'maxpool', 'layer1', 'layer2', 'layer3', 'layer4'], 'encoder_layers': 6, 'decoder_layers': 6, 'encoder_heads': 8, 'decoder_heads': 8, 'embed_dim': 256, 'dropout': 0.1}
==> distributed: True
==> model_save_path: saved_models/detr.lr1e-4.wd0.05.e80.nocos.dist.pth
==> save_every: 50
==> config: configs/res.detr.vit.yaml
==> grad_clip: 1.0
==> warmup_epochs: 0
==> no_cosine: True
--------------------------------------------------
/data/home/nirbhays/envs/mlenv/lib/python3.10/site-packages/torchtext/data/__init__.py:4: UserWarning: 
/!\ IMPORTANT WARNING ABOUT TORCHTEXT STATUS /!\ 
Torchtext is deprecated and the last released version will be 0.18 (this one). You can silence this warning by calling the following at the beginnign of your scripts: `import torchtext; torchtext.disable_torchtext_deprecation_warning()`
  warnings.warn(torchtext._TORCHTEXT_DEPRECATION_MSG)
2
environment: 
YAML: configs/res.detr.vit.yaml
==> SEED: 42
==> data: {'data_path': '/data/home/nirbhays/dataset', 'batch_size': 256, 'img_size': [256, 340], 'vocab_save_path': 'vocabulary/vocab.coco.detr.pkl', 'num_workers': 4, 'pin_memory': True, 'prefetch_factor': 2, 'distributed': True}
==> return_logs: False
==> epochs: 80
==> gpu_id: 0
==> opt: AdamW
==> opt_params: {'lr': 0.0002, 'weight_decay': 0.05}
==> schedular_params: {'T_max': 80, 'eta_min': 0.001}
==> model_params: {'backbone_layers': ['conv1', 'bn1', 'relu', 'maxpool', 'layer1', 'layer2', 'layer3', 'layer4'], 'encoder_layers': 6, 'decoder_layers': 6, 'encoder_heads': 8, 'decoder_heads': 8, 'embed_dim': 256, 'dropout': 0.1}
==> distributed: True
==> model_save_path: saved_models/detr.lr1e-4.wd0.05.e80.nocos.dist.pth
==> save_every: 50
==> config: configs/res.detr.vit.yaml
==> grad_clip: 1.0
==> warmup_epochs: 0
==> no_cosine: True
--------------------------------------------------
Launching DDP process. Global Rank: 1 | Local Rank: 1
Launching DDP process. Global Rank: 0 | Local Rank: 0
Vocabulary saved at vocabulary/vocab.coco.detr.pkl
Vocabulary saved at vocabulary/vocab.coco.detr.pkl
pad_idx: 0
Train dataset: 82783
Test dataset: 40504
Train dataloader: 162
Test dataloader: 159
vocab_size: 14114
pad_idx: 0
Model parameters: 48583394
AdamW (
Parameter Group 0
    amsgrad: False
    betas: (0.9, 0.999)
    capturable: False
    differentiable: False
    eps: 1e-08
    foreach: None
    fused: None
    lr: 0.0002
    maximize: False
    weight_decay: 0.05
)
schedular: None
[GPU1] epoch: [1/80] loss: 5.218
[GPU0] epoch: [1/80] loss: 5.214
[GPU0] epoch: [2/80] loss: 3.844
[GPU1] epoch: [2/80] loss: 3.833
[GPU1] epoch: [3/80] loss: 3.497
[GPU0] epoch: [3/80] loss: 3.505
[GPU1] epoch: [4/80] loss: 3.294
[GPU0] epoch: [4/80] loss: 3.306
[GPU0] epoch: [5/80] loss: 3.152
[GPU1] epoch: [5/80] loss: 3.155
[GPU1] epoch: [6/80] loss: 3.050
[GPU0] epoch: [6/80] loss: 3.049
[GPU0] epoch: [7/80] loss: 2.959
[GPU1] epoch: [7/80] loss: 2.961
[GPU0] epoch: [8/80] loss: 2.888
[GPU1] epoch: [8/80] loss: 2.883
[GPU1] epoch: [9/80] loss: 2.822
[GPU0] epoch: [9/80] loss: 2.823
[GPU0] epoch: [10/80] loss: 2.763
[GPU1] epoch: [10/80] loss: 2.773
[GPU0] epoch: [11/80] loss: 2.722
[GPU1] epoch: [11/80] loss: 2.710
[GPU1] epoch: [12/80] loss: 2.673
[GPU0] epoch: [12/80] loss: 2.681
[GPU0] epoch: [13/80] loss: 2.626
[GPU1] epoch: [13/80] loss: 2.637
[GPU1] epoch: [14/80] loss: 2.593
[GPU0] epoch: [14/80] loss: 2.602
[GPU0] epoch: [15/80] loss: 2.569
[GPU1] epoch: [15/80] loss: 2.561
[GPU1] epoch: [16/80] loss: 2.533
[GPU0] epoch: [16/80] loss: 2.536
[GPU1] epoch: [17/80] loss: 2.512
[GPU0] epoch: [17/80] loss: 2.511
[GPU0] epoch: [18/80] loss: 2.475
[GPU1] epoch: [18/80] loss: 2.483
[GPU0] epoch: [19/80] loss: 2.448
[GPU1] epoch: [19/80] loss: 2.458
[GPU0] epoch: [20/80] loss: 2.433
[GPU1] epoch: [20/80] loss: 2.425
[GPU0] epoch: [21/80] loss: 2.403
[GPU1] epoch: [21/80] loss: 2.407
[GPU1] epoch: [22/80] loss: 2.381
[GPU0] epoch: [22/80] loss: 2.381
[GPU1] epoch: [23/80] loss: 2.370
[GPU0] epoch: [23/80] loss: 2.357
