/data/home/nirbhays/envs/mlenv/lib/python3.10/site-packages/torchtext/data/__init__.py:4: UserWarning: 
/!\ IMPORTANT WARNING ABOUT TORCHTEXT STATUS /!\ 
Torchtext is deprecated and the last released version will be 0.18 (this one). You can silence this warning by calling the following at the beginnign of your scripts: `import torchtext; torchtext.disable_torchtext_deprecation_warning()`
  warnings.warn(torchtext._TORCHTEXT_DEPRECATION_MSG)
Vocabulary saved at vocabulary/vocab.coco.detr.pkl
pad_idx: 0
Train dataset: 82783
Test dataset: 40504
Train dataloader: 324
Test dataloader: 159
vocab_size: 14114
Model parameters: 48583394
[GPU1] epoch: [1/100] loss: 9.686
[GPU1] epoch: [2/100] loss: 5.653
[GPU1] epoch: [3/100] loss: 4.020
[GPU1] epoch: [4/100] loss: 3.531
[GPU1] epoch: [5/100] loss: 3.250
[GPU1] epoch: [6/100] loss: 3.081
[GPU1] epoch: [7/100] loss: 2.951
[GPU1] epoch: [8/100] loss: 2.864
[GPU1] epoch: [9/100] loss: 2.795
[GPU1] epoch: [10/100] loss: 2.728
[GPU1] epoch: [11/100] loss: 2.681
[GPU1] epoch: [12/100] loss: 2.635
[GPU1] epoch: [13/100] loss: 2.597
[GPU1] epoch: [14/100] loss: 2.564
[GPU1] epoch: [15/100] loss: 2.532
[GPU1] epoch: [16/100] loss: 2.509
[GPU1] epoch: [17/100] loss: 2.476
[GPU1] epoch: [18/100] loss: 2.463
[GPU1] epoch: [19/100] loss: 2.429
[GPU1] epoch: [20/100] loss: 2.415
[GPU1] epoch: [21/100] loss: 2.396
[GPU1] epoch: [22/100] loss: 2.385
[GPU1] epoch: [23/100] loss: 2.368
[GPU1] epoch: [24/100] loss: 2.347
[GPU1] epoch: [25/100] loss: 2.331
[GPU1] epoch: [26/100] loss: 2.319
[GPU1] epoch: [27/100] loss: 2.306
[GPU1] epoch: [28/100] loss: 2.298
[GPU1] epoch: [29/100] loss: 2.283
[GPU1] epoch: [30/100] loss: 2.278
[GPU1] epoch: [31/100] loss: 2.269
[GPU1] epoch: [32/100] loss: 2.259
[GPU1] epoch: [33/100] loss: 2.253
[GPU1] epoch: [34/100] loss: 2.246
[GPU1] epoch: [35/100] loss: 2.237
[GPU1] epoch: [36/100] loss: 2.233
[GPU1] epoch: [37/100] loss: 2.231
[GPU1] epoch: [38/100] loss: 2.220
[GPU1] epoch: [39/100] loss: 2.212
[GPU1] epoch: [40/100] loss: 2.209
[GPU1] epoch: [41/100] loss: 2.205
[GPU1] epoch: [42/100] loss: 2.202
[GPU1] epoch: [43/100] loss: 2.198
[GPU1] epoch: [44/100] loss: 2.199
[GPU1] epoch: [45/100] loss: 2.199
[GPU1] epoch: [46/100] loss: 2.193
[GPU1] epoch: [47/100] loss: 2.190
[GPU1] epoch: [48/100] loss: 2.189
[GPU1] epoch: [49/100] loss: 2.189
[GPU1] epoch: [50/100] loss: 2.187
Model saved at: saved_models/detr.lr3e-4.wd0.05.e100.we5.ec50.pth
[GPU1] epoch: [51/100] loss: 2.187
[GPU1] epoch: [52/100] loss: 2.185
[GPU1] epoch: [53/100] loss: 2.188
[GPU1] epoch: [54/100] loss: 2.192
[GPU1] epoch: [55/100] loss: 2.189
[GPU1] epoch: [56/100] loss: 2.188
[GPU1] epoch: [57/100] loss: 2.187
