W0617 13:42:14.606000 139938952609792 torch/distributed/run.py:757] 
W0617 13:42:14.606000 139938952609792 torch/distributed/run.py:757] *****************************************
W0617 13:42:14.606000 139938952609792 torch/distributed/run.py:757] Setting OMP_NUM_THREADS environment variable for each process to be 1 in default, to avoid your system being overloaded, please further tune the variable for optimal performance in your application as needed. 
W0617 13:42:14.606000 139938952609792 torch/distributed/run.py:757] *****************************************
/data/home/nirbhays/envs/mlenv/lib/python3.10/site-packages/torchtext/data/__init__.py:4: UserWarning: 
/!\ IMPORTANT WARNING ABOUT TORCHTEXT STATUS /!\ 
Torchtext is deprecated and the last released version will be 0.18 (this one). You can silence this warning by calling the following at the beginnign of your scripts: `import torchtext; torchtext.disable_torchtext_deprecation_warning()`
  warnings.warn(torchtext._TORCHTEXT_DEPRECATION_MSG)
/data/home/nirbhays/envs/mlenv/lib/python3.10/site-packages/torchtext/data/__init__.py:4: UserWarning: 
/!\ IMPORTANT WARNING ABOUT TORCHTEXT STATUS /!\ 
Torchtext is deprecated and the last released version will be 0.18 (this one). You can silence this warning by calling the following at the beginnign of your scripts: `import torchtext; torchtext.disable_torchtext_deprecation_warning()`
  warnings.warn(torchtext._TORCHTEXT_DEPRECATION_MSG)
environment: 
YAML: configs/res.detr.vit.yaml
==> SEED: 42
==> data: {'data_path': '/data/home/nirbhays/dataset', 'batch_size': 256, 'img_size': [256, 340], 'vocab_save_path': 'vocabulary/vocab.coco.detr.pkl', 'num_workers': 4, 'pin_memory': True, 'prefetch_factor': 2, 'distributed': True}environment: 

==> return_logs: FalseYAML: configs/res.detr.vit.yaml

==> epochs: 400==> SEED: 42

==> gpu_id: 0
==> data: {'data_path': '/data/home/nirbhays/dataset', 'batch_size': 256, 'img_size': [256, 340], 'vocab_save_path': 'vocabulary/vocab.coco.detr.pkl', 'num_workers': 4, 'pin_memory': True, 'prefetch_factor': 2, 'distributed': True}==> opt: AdamW

==> return_logs: False==> opt_params: {'lr': 0.0002, 'weight_decay': 0.05}

==> epochs: 400==> schedular_params: {'T_max': 400, 'eta_min': 0.001}

==> gpu_id: 0==> model_params: {'backbone_layers': ['conv1', 'bn1', 'relu', 'maxpool', 'layer1', 'layer2', 'layer3', 'layer4'], 'encoder_layers': 6, 'decoder_layers': 6, 'encoder_heads': 8, 'decoder_heads': 8, 'embed_dim': 256, 'dropout': 0.1}

==> opt: AdamW==> distributed: True

==> opt_params: {'lr': 0.0002, 'weight_decay': 0.05}==> model_save_path: saved_models/detr.lr1e-4.wd0.05.e400.nocos.dist.pth

==> schedular_params: {'T_max': 400, 'eta_min': 0.001}==> save_every: 50

==> model_params: {'backbone_layers': ['conv1', 'bn1', 'relu', 'maxpool', 'layer1', 'layer2', 'layer3', 'layer4'], 'encoder_layers': 6, 'decoder_layers': 6, 'encoder_heads': 8, 'decoder_heads': 8, 'embed_dim': 256, 'dropout': 0.1}==> config: configs/res.detr.vit.yaml

==> distributed: True==> grad_clip: 1.0

==> model_save_path: saved_models/detr.lr1e-4.wd0.05.e400.nocos.dist.pth==> warmup_epochs: 0

==> save_every: 50==> no_cosine: True

==> config: configs/res.detr.vit.yaml--------------------------------------------------

==> grad_clip: 1.0
==> warmup_epochs: 0
==> no_cosine: True
--------------------------------------------------
Launching DDP process. Global Rank: 0 | Local Rank: 0
Launching DDP process. Global Rank: 1 | Local Rank: 1
Vocabulary saved at vocabulary/vocab.coco.detr.pkl
Vocabulary saved at vocabulary/vocab.coco.detr.pkl
pad_idx: 0
Train dataset: 82783
Test dataset: 40504
Train dataloader: 162
Test dataloader: 159
vocab_size: 14114
pad_idx: 0
Model parameters: 48583394
AdamW (
Parameter Group 0
    amsgrad: False
    betas: (0.9, 0.999)
    capturable: False
    differentiable: False
    eps: 1e-08
    foreach: None
    fused: None
    lr: 0.0002
    maximize: False
    weight_decay: 0.05
)
schedular: None
[GPU1] epoch: [1/400] loss: 5.218
[GPU0] epoch: [1/400] loss: 5.214
[GPU1] epoch: [2/400] loss: 3.833
[GPU0] epoch: [2/400] loss: 3.844
[GPU0] epoch: [3/400] loss: 3.505
[GPU1] epoch: [3/400] loss: 3.497
[GPU1] epoch: [4/400] loss: 3.294
[GPU0] epoch: [4/400] loss: 3.306
[GPU1] epoch: [5/400] loss: 3.155
[GPU0] epoch: [5/400] loss: 3.152
[GPU1] epoch: [6/400] loss: 3.050
[GPU0] epoch: [6/400] loss: 3.049
[GPU0] epoch: [7/400] loss: 2.959
[GPU1] epoch: [7/400] loss: 2.961
[GPU0] epoch: [8/400] loss: 2.888
[GPU1] epoch: [8/400] loss: 2.883
[GPU0] epoch: [9/400] loss: 2.823
[GPU1] epoch: [9/400] loss: 2.822
[GPU1] epoch: [10/400] loss: 2.773
[GPU0] epoch: [10/400] loss: 2.763
[GPU0] epoch: [11/400] loss: 2.722
[GPU1] epoch: [11/400] loss: 2.710
[GPU1] epoch: [12/400] loss: 2.673
[GPU0] epoch: [12/400] loss: 2.681
[GPU1] epoch: [13/400] loss: 2.637
[GPU0] epoch: [13/400] loss: 2.626
[GPU0] epoch: [14/400] loss: 2.602
[GPU1] epoch: [14/400] loss: 2.593
[GPU0] epoch: [15/400] loss: 2.569
[GPU1] epoch: [15/400] loss: 2.561
[GPU0] epoch: [16/400] loss: 2.536
[GPU1] epoch: [16/400] loss: 2.533
[GPU1] epoch: [17/400] loss: 2.512
[GPU0] epoch: [17/400] loss: 2.511
[GPU1] epoch: [18/400] loss: 2.483
[GPU0] epoch: [18/400] loss: 2.475
[GPU0] epoch: [19/400] loss: 2.448
[GPU1] epoch: [19/400] loss: 2.458
[GPU0] epoch: [20/400] loss: 2.433
[GPU1] epoch: [20/400] loss: 2.425
[GPU0] epoch: [21/400] loss: 2.403
[GPU1] epoch: [21/400] loss: 2.407
[GPU1] epoch: [22/400] loss: 2.381
[GPU0] epoch: [22/400] loss: 2.381
[GPU0] epoch: [23/400] loss: 2.357
[GPU1] epoch: [23/400] loss: 2.370
[GPU0] epoch: [24/400] loss: 2.340
[GPU1] epoch: [24/400] loss: 2.343
[GPU1] epoch: [25/400] loss: 2.326
[GPU0] epoch: [25/400] loss: 2.323
[GPU1] epoch: [26/400] loss: 2.300
[GPU0] epoch: [26/400] loss: 2.300
[GPU1] epoch: [27/400] loss: 2.291
[GPU0] epoch: [27/400] loss: 2.283
[GPU1] epoch: [28/400] loss: 2.270
[GPU0] epoch: [28/400] loss: 2.269
[GPU1] epoch: [29/400] loss: 2.253
[GPU0] epoch: [29/400] loss: 2.250
[GPU0] epoch: [30/400] loss: 2.236
[GPU1] epoch: [30/400] loss: 2.235
[GPU1] epoch: [31/400] loss: 2.218
[GPU0] epoch: [31/400] loss: 2.219
[GPU0] epoch: [32/400] loss: 2.204
[GPU1] epoch: [32/400] loss: 2.202
[GPU0] epoch: [33/400] loss: 2.194
[GPU1] epoch: [33/400] loss: 2.191
[GPU1] epoch: [34/400] loss: 2.173
[GPU0] epoch: [34/400] loss: 2.170
[GPU0] epoch: [35/400] loss: 2.159
[GPU1] epoch: [35/400] loss: 2.162
[GPU1] epoch: [36/400] loss: 2.155
[GPU0] epoch: [36/400] loss: 2.146
[GPU0] epoch: [37/400] loss: 2.141
[GPU1] epoch: [37/400] loss: 2.137
[GPU1] epoch: [38/400] loss: 2.124
[GPU0] epoch: [38/400] loss: 2.127
[GPU0] epoch: [39/400] loss: 2.115
[GPU1] epoch: [39/400] loss: 2.114
[GPU1] epoch: [40/400] loss: 2.102
[GPU0] epoch: [40/400] loss: 2.094
[GPU0] epoch: [41/400] loss: 2.092
[GPU1] epoch: [41/400] loss: 2.093
[GPU0] epoch: [42/400] loss: 2.083
[GPU1] epoch: [42/400] loss: 2.069
[GPU0] epoch: [43/400] loss: 2.065
[GPU1] epoch: [43/400] loss: 2.069
[GPU1] epoch: [44/400] loss: 2.052
[GPU0] epoch: [44/400] loss: 2.055
[GPU1] epoch: [45/400] loss: 2.044
[GPU0] epoch: [45/400] loss: 2.041
[GPU1] epoch: [46/400] loss: 2.034
[GPU0] epoch: [46/400] loss: 2.027
[GPU0] epoch: [47/400] loss: 2.021
[GPU1] epoch: [47/400] loss: 2.022
[GPU1] epoch: [48/400] loss: 2.015
[GPU0] epoch: [48/400] loss: 2.018
[GPU1] epoch: [49/400] loss: 2.007
[GPU0] epoch: [49/400] loss: 2.001
[GPU1] epoch: [50/400] loss: 1.994
[GPU0] epoch: [50/400] loss: 2.000
Model saved at: saved_models/detr.lr1e-4.wd0.05.e400.nocos.dist.ec50.pth
[GPU0] epoch: [51/400] loss: 1.986
[GPU1] epoch: [51/400] loss: 1.983
[GPU1] epoch: [52/400] loss: 1.977
[GPU0] epoch: [52/400] loss: 1.975
[GPU0] epoch: [53/400] loss: 1.963
[GPU1] epoch: [53/400] loss: 1.967
[GPU1] epoch: [54/400] loss: 1.961
[GPU0] epoch: [54/400] loss: 1.955
[GPU0] epoch: [55/400] loss: 1.947
[GPU1] epoch: [55/400] loss: 1.957
[GPU0] epoch: [56/400] loss: 1.949
[GPU1] epoch: [56/400] loss: 1.943
[GPU1] epoch: [57/400] loss: 1.932
[GPU0] epoch: [57/400] loss: 1.930
[GPU1] epoch: [58/400] loss: 1.921
[GPU0] epoch: [58/400] loss: 1.927
[GPU1] epoch: [59/400] loss: 1.919
[GPU0] epoch: [59/400] loss: 1.918
[GPU1] epoch: [60/400] loss: 1.908
[GPU0] epoch: [60/400] loss: 1.908
[GPU1] epoch: [61/400] loss: 1.892
[GPU0] epoch: [61/400] loss: 1.896
[GPU1] epoch: [62/400] loss: 1.893
[GPU0] epoch: [62/400] loss: 1.885
[GPU1] epoch: [63/400] loss: 1.880
[GPU0] epoch: [63/400] loss: 1.886
[GPU0] epoch: [64/400] loss: 1.876
[GPU1] epoch: [64/400] loss: 1.879
[GPU1] epoch: [65/400] loss: 1.860
[GPU0] epoch: [65/400] loss: 1.871
[GPU0] epoch: [66/400] loss: 1.859
[GPU1] epoch: [66/400] loss: 1.859
[GPU1] epoch: [67/400] loss: 1.851
[GPU0] epoch: [67/400] loss: 1.852
[GPU1] epoch: [68/400] loss: 1.850
[GPU0] epoch: [68/400] loss: 1.849
[GPU0] epoch: [69/400] loss: 1.835
[GPU1] epoch: [69/400] loss: 1.839
[GPU0] epoch: [70/400] loss: 1.830
[GPU1] epoch: [70/400] loss: 1.831
[GPU1] epoch: [71/400] loss: 1.827
[GPU0] epoch: [71/400] loss: 1.825
[GPU1] epoch: [72/400] loss: 1.820
[GPU0] epoch: [72/400] loss: 1.813
[GPU1] epoch: [73/400] loss: 1.815
[GPU0] epoch: [73/400] loss: 1.811
[GPU0] epoch: [74/400] loss: 1.803
[GPU1] epoch: [74/400] loss: 1.804
[GPU1] epoch: [75/400] loss: 1.794
[GPU0] epoch: [75/400] loss: 1.798
[GPU0] epoch: [76/400] loss: 1.785
[GPU1] epoch: [76/400] loss: 1.793
[GPU1] epoch: [77/400] loss: 1.787
[GPU0] epoch: [77/400] loss: 1.781
[GPU0] epoch: [78/400] loss: 1.780
[GPU1] epoch: [78/400] loss: 1.780
[GPU1] epoch: [79/400] loss: 1.767
[GPU0] epoch: [79/400] loss: 1.771
[GPU1] epoch: [80/400] loss: 1.759
[GPU0] epoch: [80/400] loss: 1.762
[GPU1] epoch: [81/400] loss: 1.757
[GPU0] epoch: [81/400] loss: 1.756
[GPU0] epoch: [82/400] loss: 1.755
[GPU1] epoch: [82/400] loss: 1.760
[GPU0] epoch: [83/400] loss: 1.752
[GPU1] epoch: [83/400] loss: 1.742
[GPU1] epoch: [84/400] loss: 1.739
[GPU0] epoch: [84/400] loss: 1.735
[GPU0] epoch: [85/400] loss: 1.738
[GPU1] epoch: [85/400] loss: 1.732
[GPU1] epoch: [86/400] loss: 1.726
[GPU0] epoch: [86/400] loss: 1.726
[GPU0] epoch: [87/400] loss: 1.721
[GPU1] epoch: [87/400] loss: 1.716
[GPU1] epoch: [88/400] loss: 1.713
[GPU0] epoch: [88/400] loss: 1.716
[GPU1] epoch: [89/400] loss: 1.705
[GPU0] epoch: [89/400] loss: 1.706
[GPU0] epoch: [90/400] loss: 1.707
[GPU1] epoch: [90/400] loss: 1.698
[GPU1] epoch: [91/400] loss: 1.695
[GPU0] epoch: [91/400] loss: 1.695
[GPU1] epoch: [92/400] loss: 1.697
[GPU0] epoch: [92/400] loss: 1.692
[GPU0] epoch: [93/400] loss: 1.687
[GPU1] epoch: [93/400] loss: 1.685
[GPU0] epoch: [94/400] loss: 1.678
[GPU1] epoch: [94/400] loss: 1.677
[GPU0] epoch: [95/400] loss: 1.676
[GPU1] epoch: [95/400] loss: 1.672
[GPU0] epoch: [96/400] loss: 1.663
[GPU1] epoch: [96/400] loss: 1.672
[GPU0] epoch: [97/400] loss: 1.665
[GPU1] epoch: [97/400] loss: 1.660
[GPU1] epoch: [98/400] loss: 1.660
[GPU0] epoch: [98/400] loss: 1.660
[GPU1] epoch: [99/400] loss: 1.652
[GPU0] epoch: [99/400] loss: 1.655
[GPU1] epoch: [100/400] loss: 1.647
[GPU0] epoch: [100/400] loss: 1.648
Model saved at: saved_models/detr.lr1e-4.wd0.05.e400.nocos.dist.ec100.pth
[GPU0] epoch: [101/400] loss: 1.636
[GPU1] epoch: [101/400] loss: 1.636
[GPU1] epoch: [102/400] loss: 1.639
[GPU0] epoch: [102/400] loss: 1.635
[GPU1] epoch: [103/400] loss: 1.626
[GPU0] epoch: [103/400] loss: 1.626
[GPU1] epoch: [104/400] loss: 1.620
[GPU0] epoch: [104/400] loss: 1.624
[GPU1] epoch: [105/400] loss: 1.615
[GPU0] epoch: [105/400] loss: 1.615
[GPU1] epoch: [106/400] loss: 1.613
[GPU0] epoch: [106/400] loss: 1.610
[GPU1] epoch: [107/400] loss: 1.606
[GPU0] epoch: [107/400] loss: 1.610
[GPU1] epoch: [108/400] loss: 1.606
[GPU0] epoch: [108/400] loss: 1.599
[GPU1] epoch: [109/400] loss: 1.599
[GPU0] epoch: [109/400] loss: 1.596
[GPU1] epoch: [110/400] loss: 1.587
[GPU0] epoch: [110/400] loss: 1.594
[GPU0] epoch: [111/400] loss: 1.582
[GPU1] epoch: [111/400] loss: 1.585
[GPU1] epoch: [112/400] loss: 1.582
[GPU0] epoch: [112/400] loss: 1.577
[GPU0] epoch: [113/400] loss: 1.581
[GPU1] epoch: [113/400] loss: 1.582
[GPU1] epoch: [114/400] loss: 1.569
[GPU0] epoch: [114/400] loss: 1.575
[GPU0] epoch: [115/400] loss: 1.568
[GPU1] epoch: [115/400] loss: 1.568
[GPU0] epoch: [116/400] loss: 1.567
[GPU1] epoch: [116/400] loss: 1.562
[GPU1] epoch: [117/400] loss: 1.556
[GPU0] epoch: [117/400] loss: 1.556
[GPU1] epoch: [118/400] loss: 1.549
[GPU0] epoch: [118/400] loss: 1.556
[GPU1] epoch: [119/400] loss: 1.549
[GPU0] epoch: [119/400] loss: 1.550
[GPU0] epoch: [120/400] loss: 1.545
[GPU1] epoch: [120/400] loss: 1.545
[GPU1] epoch: [121/400] loss: 1.536
[GPU0] epoch: [121/400] loss: 1.542
[GPU1] epoch: [122/400] loss: 1.532
[GPU0] epoch: [122/400] loss: 1.532
[GPU1] epoch: [123/400] loss: 1.538
[GPU0] epoch: [123/400] loss: 1.531
[GPU1] epoch: [124/400] loss: 1.529
[GPU0] epoch: [124/400] loss: 1.521
[GPU1] epoch: [125/400] loss: 1.514
[GPU0] epoch: [125/400] loss: 1.525
[GPU0] epoch: [126/400] loss: 1.520
[GPU1] epoch: [126/400] loss: 1.516
[GPU0] epoch: [127/400] loss: 1.509
[GPU1] epoch: [127/400] loss: 1.513
[GPU1] epoch: [128/400] loss: 1.510
[GPU0] epoch: [128/400] loss: 1.504
[GPU0] epoch: [129/400] loss: 1.501
[GPU1] epoch: [129/400] loss: 1.498
[GPU1] epoch: [130/400] loss: 1.499
[GPU0] epoch: [130/400] loss: 1.495
[GPU1] epoch: [131/400] loss: 1.494
[GPU0] epoch: [131/400] loss: 1.493
[GPU1] epoch: [132/400] loss: 1.486
[GPU0] epoch: [132/400] loss: 1.493
[GPU0] epoch: [133/400] loss: 1.489
[GPU1] epoch: [133/400] loss: 1.484
[GPU0] epoch: [134/400] loss: 1.482
[GPU1] epoch: [134/400] loss: 1.480
[GPU0] epoch: [135/400] loss: 1.476
[GPU1] epoch: [135/400] loss: 1.479
[GPU0] epoch: [136/400] loss: 1.468
[GPU1] epoch: [136/400] loss: 1.474
[GPU1] epoch: [137/400] loss: 1.468
[GPU0] epoch: [137/400] loss: 1.469
[GPU1] epoch: [138/400] loss: 1.461
[GPU0] epoch: [138/400] loss: 1.464
[GPU0] epoch: [139/400] loss: 1.457
[GPU1] epoch: [139/400] loss: 1.460
[GPU0] epoch: [140/400] loss: 1.455
[GPU1] epoch: [140/400] loss: 1.456
[GPU0] epoch: [141/400] loss: 1.454
[GPU1] epoch: [141/400] loss: 1.454
[GPU1] epoch: [142/400] loss: 1.445
[GPU0] epoch: [142/400] loss: 1.444
[GPU1] epoch: [143/400] loss: 1.443
[GPU0] epoch: [143/400] loss: 1.444
[GPU0] epoch: [144/400] loss: 1.438
[GPU1] epoch: [144/400] loss: 1.438
[GPU1] epoch: [145/400] loss: 1.433
[GPU0] epoch: [145/400] loss: 1.429
[GPU0] epoch: [146/400] loss: 1.430
[GPU1] epoch: [146/400] loss: 1.426
[GPU1] epoch: [147/400] loss: 1.431
[GPU0] epoch: [147/400] loss: 1.426
[GPU0] epoch: [148/400] loss: 1.423
[GPU1] epoch: [148/400] loss: 1.423
[GPU0] epoch: [149/400] loss: 1.417
[GPU1] epoch: [149/400] loss: 1.416
[GPU1] epoch: [150/400] loss: 1.416
[GPU0] epoch: [150/400] loss: 1.416
Model saved at: saved_models/detr.lr1e-4.wd0.05.e400.nocos.dist.ec150.pth
[GPU1] epoch: [151/400] loss: 1.408
[GPU0] epoch: [151/400] loss: 1.413
[GPU0] epoch: [152/400] loss: 1.411
[GPU1] epoch: [152/400] loss: 1.407
[GPU1] epoch: [153/400] loss: 1.403
[GPU0] epoch: [153/400] loss: 1.405
[GPU0] epoch: [154/400] loss: 1.401
[GPU1] epoch: [154/400] loss: 1.396
[GPU1] epoch: [155/400] loss: 1.392
[GPU0] epoch: [155/400] loss: 1.400
[GPU0] epoch: [156/400] loss: 1.391
[GPU1] epoch: [156/400] loss: 1.392
[GPU0] epoch: [157/400] loss: 1.389
[GPU1] epoch: [157/400] loss: 1.387
[GPU1] epoch: [158/400] loss: 1.388
[GPU0] epoch: [158/400] loss: 1.383
[GPU1] epoch: [159/400] loss: 1.379
[GPU0] epoch: [159/400] loss: 1.382
[GPU0] epoch: [160/400] loss: 1.381
[GPU1] epoch: [160/400] loss: 1.379
[GPU1] epoch: [161/400] loss: 1.373
[GPU0] epoch: [161/400] loss: 1.368
[GPU0] epoch: [162/400] loss: 1.371
[GPU1] epoch: [162/400] loss: 1.368
[GPU1] epoch: [163/400] loss: 1.366
[GPU0] epoch: [163/400] loss: 1.363
[GPU1] epoch: [164/400] loss: 1.359
[GPU0] epoch: [164/400] loss: 1.364
[GPU1] epoch: [165/400] loss: 1.357
[GPU0] epoch: [165/400] loss: 1.356
[GPU1] epoch: [166/400] loss: 1.352
[GPU0] epoch: [166/400] loss: 1.353
[GPU0] epoch: [167/400] loss: 1.350
[GPU1] epoch: [167/400] loss: 1.351
[GPU0] epoch: [168/400] loss: 1.345
[GPU1] epoch: [168/400] loss: 1.347
[GPU1] epoch: [169/400] loss: 1.350
[GPU0] epoch: [169/400] loss: 1.344
[GPU0] epoch: [170/400] loss: 1.338
[GPU1] epoch: [170/400] loss: 1.341
[GPU0] epoch: [171/400] loss: 1.339
[GPU1] epoch: [171/400] loss: 1.338
[GPU0] epoch: [172/400] loss: 1.341
[GPU1] epoch: [172/400] loss: 1.331
[GPU0] epoch: [173/400] loss: 1.330
[GPU1] epoch: [173/400] loss: 1.325
[GPU0] epoch: [174/400] loss: 1.327
[GPU1] epoch: [174/400] loss: 1.327
[GPU1] epoch: [175/400] loss: 1.326
[GPU0] epoch: [175/400] loss: 1.320
[GPU1] epoch: [176/400] loss: 1.323
[GPU0] epoch: [176/400] loss: 1.322
[GPU1] epoch: [177/400] loss: 1.315
[GPU0] epoch: [177/400] loss: 1.317
[GPU1] epoch: [178/400] loss: 1.314
[GPU0] epoch: [178/400] loss: 1.317
[GPU1] epoch: [179/400] loss: 1.309
[GPU0] epoch: [179/400] loss: 1.316
[GPU1] epoch: [180/400] loss: 1.309
[GPU0] epoch: [180/400] loss: 1.308
[GPU0] epoch: [181/400] loss: 1.302
[GPU1] epoch: [181/400] loss: 1.306
[GPU1] epoch: [182/400] loss: 1.302
[GPU0] epoch: [182/400] loss: 1.302
[GPU1] epoch: [183/400] loss: 1.299
[GPU0] epoch: [183/400] loss: 1.293
[GPU0] epoch: [184/400] loss: 1.292
[GPU1] epoch: [184/400] loss: 1.293
[GPU1] epoch: [185/400] loss: 1.286
[GPU0] epoch: [185/400] loss: 1.291
[GPU1] epoch: [186/400] loss: 1.287
[GPU0] epoch: [186/400] loss: 1.289
[GPU0] epoch: [187/400] loss: 1.287
[GPU1] epoch: [187/400] loss: 1.283
[GPU0] epoch: [188/400] loss: 1.281
[GPU1] epoch: [188/400] loss: 1.284
[GPU1] epoch: [189/400] loss: 1.275
[GPU0] epoch: [189/400] loss: 1.279
[GPU1] epoch: [190/400] loss: 1.272
[GPU0] epoch: [190/400] loss: 1.274
[GPU0] epoch: [191/400] loss: 1.274
[GPU1] epoch: [191/400] loss: 1.269
[GPU0] epoch: [192/400] loss: 1.261
[GPU1] epoch: [192/400] loss: 1.264
[GPU1] epoch: [193/400] loss: 1.265
[GPU0] epoch: [193/400] loss: 1.264
[GPU1] epoch: [194/400] loss: 1.264
[GPU0] epoch: [194/400] loss: 1.265
[GPU1] epoch: [195/400] loss: 1.256
[GPU0] epoch: [195/400] loss: 1.260
[GPU1] epoch: [196/400] loss: 1.261
[GPU0] epoch: [196/400] loss: 1.253
[GPU1] epoch: [197/400] loss: 1.251
[GPU0] epoch: [197/400] loss: 1.254
[GPU0] epoch: [198/400] loss: 1.248
[GPU1] epoch: [198/400] loss: 1.248
[GPU0] epoch: [199/400] loss: 1.248
[GPU1] epoch: [199/400] loss: 1.250
[GPU0] epoch: [200/400] loss: 1.244
[GPU1] epoch: [200/400] loss: 1.250
Model saved at: saved_models/detr.lr1e-4.wd0.05.e400.nocos.dist.ec200.pth
[GPU0] epoch: [201/400] loss: 1.240
[GPU1] epoch: [201/400] loss: 1.240
[GPU1] epoch: [202/400] loss: 1.236
[GPU0] epoch: [202/400] loss: 1.239
[GPU1] epoch: [203/400] loss: 1.234
[GPU0] epoch: [203/400] loss: 1.230
[GPU1] epoch: [204/400] loss: 1.229
[GPU0] epoch: [204/400] loss: 1.237
[GPU1] epoch: [205/400] loss: 1.225
[GPU0] epoch: [205/400] loss: 1.227
[GPU1] epoch: [206/400] loss: 1.227
[GPU0] epoch: [206/400] loss: 1.223
[GPU0] epoch: [207/400] loss: 1.226
[GPU1] epoch: [207/400] loss: 1.224
[GPU1] epoch: [208/400] loss: 1.220
[GPU0] epoch: [208/400] loss: 1.224
[GPU0] epoch: [209/400] loss: 1.218
[GPU1] epoch: [209/400] loss: 1.220
[GPU1] epoch: [210/400] loss: 1.212
[GPU0] epoch: [210/400] loss: 1.218
[GPU1] epoch: [211/400] loss: 1.217
[GPU0] epoch: [211/400] loss: 1.210
[GPU1] epoch: [212/400] loss: 1.209
[GPU0] epoch: [212/400] loss: 1.209
[GPU1] epoch: [213/400] loss: 1.210
[GPU0] epoch: [213/400] loss: 1.211
[GPU0] epoch: [214/400] loss: 1.208
[GPU1] epoch: [214/400] loss: 1.210
[GPU1] epoch: [215/400] loss: 1.198
[GPU0] epoch: [215/400] loss: 1.201
[GPU1] epoch: [216/400] loss: 1.201
[GPU0] epoch: [216/400] loss: 1.204
[GPU1] epoch: [217/400] loss: 1.196
[GPU0] epoch: [217/400] loss: 1.194
[GPU0] epoch: [218/400] loss: 1.189
[GPU1] epoch: [218/400] loss: 1.192
[GPU0] epoch: [219/400] loss: 1.190
[GPU1] epoch: [219/400] loss: 1.190
[GPU0] epoch: [220/400] loss: 1.189
[GPU1] epoch: [220/400] loss: 1.190
[GPU0] epoch: [221/400] loss: 1.186
[GPU1] epoch: [221/400] loss: 1.185
[GPU0] epoch: [222/400] loss: 1.182
[GPU1] epoch: [222/400] loss: 1.183
[GPU0] epoch: [223/400] loss: 1.177
[GPU1] epoch: [223/400] loss: 1.175
[GPU0] epoch: [224/400] loss: 1.173
[GPU1] epoch: [224/400] loss: 1.178
[GPU0] epoch: [225/400] loss: 1.173
[GPU1] epoch: [225/400] loss: 1.175
[GPU1] epoch: [226/400] loss: 1.173
[GPU0] epoch: [226/400] loss: 1.171
[GPU1] epoch: [227/400] loss: 1.172
[GPU0] epoch: [227/400] loss: 1.170
[GPU1] epoch: [228/400] loss: 1.168
[GPU0] epoch: [228/400] loss: 1.167
[GPU0] epoch: [229/400] loss: 1.166
[GPU1] epoch: [229/400] loss: 1.171
[GPU1] epoch: [230/400] loss: 1.154
[GPU0] epoch: [230/400] loss: 1.164
[GPU0] epoch: [231/400] loss: 1.161
[GPU1] epoch: [231/400] loss: 1.162
[GPU0] epoch: [232/400] loss: 1.159
[GPU1] epoch: [232/400] loss: 1.153
[GPU0] epoch: [233/400] loss: 1.156
[GPU1] epoch: [233/400] loss: 1.155
[GPU0] epoch: [234/400] loss: 1.152
[GPU1] epoch: [234/400] loss: 1.155
[GPU0] epoch: [235/400] loss: 1.149
[GPU1] epoch: [235/400] loss: 1.151
[GPU0] epoch: [236/400] loss: 1.149
[GPU1] epoch: [236/400] loss: 1.150
[GPU0] epoch: [237/400] loss: 1.144
[GPU1] epoch: [237/400] loss: 1.142
[GPU0] epoch: [238/400] loss: 1.141
[GPU1] epoch: [238/400] loss: 1.142
[GPU0] epoch: [239/400] loss: 1.138
[GPU1] epoch: [239/400] loss: 1.138
[GPU1] epoch: [240/400] loss: 1.139
[GPU0] epoch: [240/400] loss: 1.137
[GPU1] epoch: [241/400] loss: 1.136
[GPU0] epoch: [241/400] loss: 1.136
[GPU1] epoch: [242/400] loss: 1.133
[GPU0] epoch: [242/400] loss: 1.132
[GPU0] epoch: [243/400] loss: 1.131
[GPU1] epoch: [243/400] loss: 1.125
[GPU0] epoch: [244/400] loss: 1.126
[GPU1] epoch: [244/400] loss: 1.131
[GPU1] epoch: [245/400] loss: 1.123
[GPU0] epoch: [245/400] loss: 1.123
[GPU0] epoch: [246/400] loss: 1.122
[GPU1] epoch: [246/400] loss: 1.122
[GPU0] epoch: [247/400] loss: 1.123
[GPU1] epoch: [247/400] loss: 1.125
[GPU0] epoch: [248/400] loss: 1.117
[GPU1] epoch: [248/400] loss: 1.120
[GPU1] epoch: [249/400] loss: 1.119
[GPU0] epoch: [249/400] loss: 1.114
[GPU1] epoch: [250/400] loss: 1.113
[GPU0] epoch: [250/400] loss: 1.113
Model saved at: saved_models/detr.lr1e-4.wd0.05.e400.nocos.dist.ec250.pth
[GPU1] epoch: [251/400] loss: 1.116
[GPU0] epoch: [251/400] loss: 1.113
[GPU1] epoch: [252/400] loss: 1.107
[GPU0] epoch: [252/400] loss: 1.109
[GPU1] epoch: [253/400] loss: 1.107
[GPU0] epoch: [253/400] loss: 1.107
[GPU1] epoch: [254/400] loss: 1.108
[GPU0] epoch: [254/400] loss: 1.104
[GPU0] epoch: [255/400] loss: 1.101
[GPU1] epoch: [255/400] loss: 1.103
[GPU0] epoch: [256/400] loss: 1.103
[GPU1] epoch: [256/400] loss: 1.101
[GPU0] epoch: [257/400] loss: 1.097
[GPU1] epoch: [257/400] loss: 1.099
[GPU0] epoch: [258/400] loss: 1.100
[GPU1] epoch: [258/400] loss: 1.096
[GPU0] epoch: [259/400] loss: 1.093
[GPU1] epoch: [259/400] loss: 1.092
[GPU1] epoch: [260/400] loss: 1.090
[GPU0] epoch: [260/400] loss: 1.089
[GPU0] epoch: [261/400] loss: 1.090
[GPU1] epoch: [261/400] loss: 1.084
[GPU1] epoch: [262/400] loss: 1.090
[GPU0] epoch: [262/400] loss: 1.086
[GPU1] epoch: [263/400] loss: 1.087
[GPU0] epoch: [263/400] loss: 1.086
[GPU1] epoch: [264/400] loss: 1.085
[GPU0] epoch: [264/400] loss: 1.084
[GPU1] epoch: [265/400] loss: 1.079
[GPU0] epoch: [265/400] loss: 1.078
[GPU0] epoch: [266/400] loss: 1.074
[GPU1] epoch: [266/400] loss: 1.075
[GPU1] epoch: [267/400] loss: 1.080
[GPU0] epoch: [267/400] loss: 1.073
[GPU0] epoch: [268/400] loss: 1.074
[GPU1] epoch: [268/400] loss: 1.073
[GPU0] epoch: [269/400] loss: 1.073
[GPU1] epoch: [269/400] loss: 1.072
[GPU1] epoch: [270/400] loss: 1.073
[GPU0] epoch: [270/400] loss: 1.067
[GPU1] epoch: [271/400] loss: 1.071
[GPU0] epoch: [271/400] loss: 1.070
[GPU1] epoch: [272/400] loss: 1.061
[GPU0] epoch: [272/400] loss: 1.061
[GPU1] epoch: [273/400] loss: 1.066
[GPU0] epoch: [273/400] loss: 1.063
[GPU0] epoch: [274/400] loss: 1.061
[GPU1] epoch: [274/400] loss: 1.059
[GPU1] epoch: [275/400] loss: 1.062
[GPU0] epoch: [275/400] loss: 1.061
[GPU1] epoch: [276/400] loss: 1.064
[GPU0] epoch: [276/400] loss: 1.055
[GPU1] epoch: [277/400] loss: 1.056
[GPU0] epoch: [277/400] loss: 1.057
[GPU1] epoch: [278/400] loss: 1.057
[GPU0] epoch: [278/400] loss: 1.055
[GPU1] epoch: [279/400] loss: 1.050
[GPU0] epoch: [279/400] loss: 1.051
[GPU0] epoch: [280/400] loss: 1.049
[GPU1] epoch: [280/400] loss: 1.049
[GPU1] epoch: [281/400] loss: 1.049
[GPU0] epoch: [281/400] loss: 1.043
[GPU1] epoch: [282/400] loss: 1.044
[GPU0] epoch: [282/400] loss: 1.042
[GPU0] epoch: [283/400] loss: 1.047
[GPU1] epoch: [283/400] loss: 1.039
[GPU0] epoch: [284/400] loss: 1.046
[GPU1] epoch: [284/400] loss: 1.039
[GPU0] epoch: [285/400] loss: 1.040
[GPU1] epoch: [285/400] loss: 1.035
[GPU1] epoch: [286/400] loss: 1.037
[GPU0] epoch: [286/400] loss: 1.035
[GPU1] epoch: [287/400] loss: 1.031
[GPU0] epoch: [287/400] loss: 1.031
[GPU0] epoch: [288/400] loss: 1.035
[GPU1] epoch: [288/400] loss: 1.037
[GPU1] epoch: [289/400] loss: 1.033
[GPU0] epoch: [289/400] loss: 1.033
[GPU0] epoch: [290/400] loss: 1.028
[GPU1] epoch: [290/400] loss: 1.028
[GPU0] epoch: [291/400] loss: 1.031
[GPU1] epoch: [291/400] loss: 1.026
[GPU0] epoch: [292/400] loss: 1.027
[GPU1] epoch: [292/400] loss: 1.028
[GPU1] epoch: [293/400] loss: 1.025
[GPU0] epoch: [293/400] loss: 1.027
[GPU1] epoch: [294/400] loss: 1.020
[GPU0] epoch: [294/400] loss: 1.024
[GPU1] epoch: [295/400] loss: 1.017
[GPU0] epoch: [295/400] loss: 1.017
[GPU1] epoch: [296/400] loss: 1.021
[GPU0] epoch: [296/400] loss: 1.018
[GPU1] epoch: [297/400] loss: 1.017
[GPU0] epoch: [297/400] loss: 1.016
[GPU0] epoch: [298/400] loss: 1.019
[GPU1] epoch: [298/400] loss: 1.015
[GPU0] epoch: [299/400] loss: 1.018
[GPU1] epoch: [299/400] loss: 1.016
[GPU0] epoch: [300/400] loss: 1.009
[GPU1] epoch: [300/400] loss: 1.011
Model saved at: saved_models/detr.lr1e-4.wd0.05.e400.nocos.dist.ec300.pth
[GPU1] epoch: [301/400] loss: 1.011
[GPU0] epoch: [301/400] loss: 1.011
[GPU0] epoch: [302/400] loss: 1.006
[GPU1] epoch: [302/400] loss: 1.013
[GPU1] epoch: [303/400] loss: 1.010
[GPU0] epoch: [303/400] loss: 1.004
[GPU1] epoch: [304/400] loss: 1.002
[GPU0] epoch: [304/400] loss: 1.007
[GPU0] epoch: [305/400] loss: 1.006
[GPU1] epoch: [305/400] loss: 1.003
[GPU1] epoch: [306/400] loss: 1.002
[GPU0] epoch: [306/400] loss: 1.003
[GPU1] epoch: [307/400] loss: 0.997
[GPU0] epoch: [307/400] loss: 1.001
[GPU1] epoch: [308/400] loss: 0.995
[GPU0] epoch: [308/400] loss: 0.996
[GPU0] epoch: [309/400] loss: 0.995
[GPU1] epoch: [309/400] loss: 0.994
[GPU1] epoch: [310/400] loss: 0.989
[GPU0] epoch: [310/400] loss: 0.995
[GPU0] epoch: [311/400] loss: 0.993
[GPU1] epoch: [311/400] loss: 0.990
[GPU1] epoch: [312/400] loss: 0.988
[GPU0] epoch: [312/400] loss: 0.992
[GPU1] epoch: [313/400] loss: 0.987
[GPU0] epoch: [313/400] loss: 0.988
[GPU1] epoch: [314/400] loss: 0.986
[GPU0] epoch: [314/400] loss: 0.988
[GPU0] epoch: [315/400] loss: 0.986
[GPU1] epoch: [315/400] loss: 0.986
[GPU1] epoch: [316/400] loss: 0.983
[GPU0] epoch: [316/400] loss: 0.985
[GPU0] epoch: [317/400] loss: 0.982
[GPU1] epoch: [317/400] loss: 0.984
[GPU0] epoch: [318/400] loss: 0.981
[GPU1] epoch: [318/400] loss: 0.978
[GPU1] epoch: [319/400] loss: 0.975
[GPU0] epoch: [319/400] loss: 0.981
[GPU1] epoch: [320/400] loss: 0.982
[GPU0] epoch: [320/400] loss: 0.977
[GPU1] epoch: [321/400] loss: 0.976
[GPU0] epoch: [321/400] loss: 0.976
[GPU0] epoch: [322/400] loss: 0.978
[GPU1] epoch: [322/400] loss: 0.976
[GPU0] epoch: [323/400] loss: 0.974
[GPU1] epoch: [323/400] loss: 0.974
[GPU1] epoch: [324/400] loss: 0.975
[GPU0] epoch: [324/400] loss: 0.972
[GPU0] epoch: [325/400] loss: 0.972
[GPU1] epoch: [325/400] loss: 0.968
[GPU1] epoch: [326/400] loss: 0.967
[GPU0] epoch: [326/400] loss: 0.968
[GPU0] epoch: [327/400] loss: 0.971
[GPU1] epoch: [327/400] loss: 0.965
[GPU1] epoch: [328/400] loss: 0.964
[GPU0] epoch: [328/400] loss: 0.965
[GPU1] epoch: [329/400] loss: 0.963
[GPU0] epoch: [329/400] loss: 0.962
[GPU0] epoch: [330/400] loss: 0.957
[GPU1] epoch: [330/400] loss: 0.959
[GPU0] epoch: [331/400] loss: 0.959
[GPU1] epoch: [331/400] loss: 0.958
[GPU1] epoch: [332/400] loss: 0.958
[GPU0] epoch: [332/400] loss: 0.962
[GPU0] epoch: [333/400] loss: 0.954
[GPU1] epoch: [333/400] loss: 0.953
[GPU1] epoch: [334/400] loss: 0.955
[GPU0] epoch: [334/400] loss: 0.959
[GPU0] epoch: [335/400] loss: 0.955
[GPU1] epoch: [335/400] loss: 0.958
[GPU1] epoch: [336/400] loss: 0.951
[GPU0] epoch: [336/400] loss: 0.955
[GPU1] epoch: [337/400] loss: 0.949
[GPU0] epoch: [337/400] loss: 0.955
[GPU0] epoch: [338/400] loss: 0.950
[GPU1] epoch: [338/400] loss: 0.950
[GPU1] epoch: [339/400] loss: 0.943
[GPU0] epoch: [339/400] loss: 0.945
[GPU1] epoch: [340/400] loss: 0.946
[GPU0] epoch: [340/400] loss: 0.943
[GPU1] epoch: [341/400] loss: 0.951
[GPU0] epoch: [341/400] loss: 0.945
[GPU1] epoch: [342/400] loss: 0.947
[GPU0] epoch: [342/400] loss: 0.946
[GPU0] epoch: [343/400] loss: 0.943
[GPU1] epoch: [343/400] loss: 0.943
[GPU0] epoch: [344/400] loss: 0.938
[GPU1] epoch: [344/400] loss: 0.940
[GPU0] epoch: [345/400] loss: 0.941
[GPU1] epoch: [345/400] loss: 0.941
[GPU1] epoch: [346/400] loss: 0.939
[GPU0] epoch: [346/400] loss: 0.938
[GPU1] epoch: [347/400] loss: 0.938
[GPU0] epoch: [347/400] loss: 0.940
[GPU0] epoch: [348/400] loss: 0.934
[GPU1] epoch: [348/400] loss: 0.935
[GPU0] epoch: [349/400] loss: 0.932
[GPU1] epoch: [349/400] loss: 0.929
[GPU1] epoch: [350/400] loss: 0.930
[GPU0] epoch: [350/400] loss: 0.933
Model saved at: saved_models/detr.lr1e-4.wd0.05.e400.nocos.dist.ec350.pth
[GPU1] epoch: [351/400] loss: 0.926
[GPU0] epoch: [351/400] loss: 0.929
[GPU1] epoch: [352/400] loss: 0.930
[GPU0] epoch: [352/400] loss: 0.930
[GPU0] epoch: [353/400] loss: 0.928
[GPU1] epoch: [353/400] loss: 0.931
[GPU1] epoch: [354/400] loss: 0.928
[GPU0] epoch: [354/400] loss: 0.927
[GPU1] epoch: [355/400] loss: 0.926
[GPU0] epoch: [355/400] loss: 0.924
[GPU0] epoch: [356/400] loss: 0.921
[GPU1] epoch: [356/400] loss: 0.921
[GPU1] epoch: [357/400] loss: 0.923
[GPU0] epoch: [357/400] loss: 0.922
[GPU1] epoch: [358/400] loss: 0.922
[GPU0] epoch: [358/400] loss: 0.920
[GPU0] epoch: [359/400] loss: 0.920
[GPU1] epoch: [359/400] loss: 0.923
[GPU1] epoch: [360/400] loss: 0.922
[GPU0] epoch: [360/400] loss: 0.922
[GPU1] epoch: [361/400] loss: 0.917
[GPU0] epoch: [361/400] loss: 0.913
[GPU0] epoch: [362/400] loss: 0.914
[GPU1] epoch: [362/400] loss: 0.915
[GPU0] epoch: [363/400] loss: 0.912
[GPU1] epoch: [363/400] loss: 0.913
[GPU0] epoch: [364/400] loss: 0.913
[GPU1] epoch: [364/400] loss: 0.909
[GPU0] epoch: [365/400] loss: 0.907
[GPU1] epoch: [365/400] loss: 0.908
[GPU1] epoch: [366/400] loss: 0.905
[GPU0] epoch: [366/400] loss: 0.909
[GPU0] epoch: [367/400] loss: 0.909
[GPU1] epoch: [367/400] loss: 0.910
[GPU0] epoch: [368/400] loss: 0.908
[GPU1] epoch: [368/400] loss: 0.908
[GPU1] epoch: [369/400] loss: 0.904
[GPU0] epoch: [369/400] loss: 0.906
[GPU1] epoch: [370/400] loss: 0.906
[GPU0] epoch: [370/400] loss: 0.902
[GPU0] epoch: [371/400] loss: 0.903
[GPU1] epoch: [371/400] loss: 0.905
[GPU1] epoch: [372/400] loss: 0.905
[GPU0] epoch: [372/400] loss: 0.901
[GPU0] epoch: [373/400] loss: 0.899
[GPU1] epoch: [373/400] loss: 0.904
[GPU0] epoch: [374/400] loss: 0.899
[GPU1] epoch: [374/400] loss: 0.898
[GPU1] epoch: [375/400] loss: 0.905
[GPU0] epoch: [375/400] loss: 0.898
[GPU1] epoch: [376/400] loss: 0.903
[GPU0] epoch: [376/400] loss: 0.897
[GPU1] epoch: [377/400] loss: 0.896
[GPU0] epoch: [377/400] loss: 0.895
[GPU0] epoch: [378/400] loss: 0.894
[GPU1] epoch: [378/400] loss: 0.893
[GPU1] epoch: [379/400] loss: 0.893
[GPU0] epoch: [379/400] loss: 0.893
[GPU1] epoch: [380/400] loss: 0.891
[GPU0] epoch: [380/400] loss: 0.893
[GPU1] epoch: [381/400] loss: 0.893
[GPU0] epoch: [381/400] loss: 0.893
[GPU1] epoch: [382/400] loss: 0.890
[GPU0] epoch: [382/400] loss: 0.890
[GPU1] epoch: [383/400] loss: 0.889
[GPU0] epoch: [383/400] loss: 0.890
[GPU1] epoch: [384/400] loss: 0.888
[GPU0] epoch: [384/400] loss: 0.886
[GPU0] epoch: [385/400] loss: 0.883
[GPU1] epoch: [385/400] loss: 0.883
[GPU0] epoch: [386/400] loss: 0.879
[GPU1] epoch: [386/400] loss: 0.884
[GPU1] epoch: [387/400] loss: 0.882
[GPU0] epoch: [387/400] loss: 0.883
[GPU0] epoch: [388/400] loss: 0.879
[GPU1] epoch: [388/400] loss: 0.882
[GPU0] epoch: [389/400] loss: 0.881
[GPU1] epoch: [389/400] loss: 0.880
[GPU1] epoch: [390/400] loss: 0.882
[GPU0] epoch: [390/400] loss: 0.879
[GPU0] epoch: [391/400] loss: 0.877
[GPU1] epoch: [391/400] loss: 0.877
[GPU1] epoch: [392/400] loss: 0.874
[GPU0] epoch: [392/400] loss: 0.874
[GPU1] epoch: [393/400] loss: 0.872
[GPU0] epoch: [393/400] loss: 0.873
[GPU1] epoch: [394/400] loss: 0.877
[GPU0] epoch: [394/400] loss: 0.872
[GPU0] epoch: [395/400] loss: 0.875
[GPU1] epoch: [395/400] loss: 0.872
[GPU0] epoch: [396/400] loss: 0.871
[GPU1] epoch: [396/400] loss: 0.871
[GPU0] epoch: [397/400] loss: 0.872
[GPU1] epoch: [397/400] loss: 0.873
[GPU0] epoch: [398/400] loss: 0.871
[GPU1] epoch: [398/400] loss: 0.873
[GPU0] epoch: [399/400] loss: 0.868
[GPU1] epoch: [399/400] loss: 0.870
[GPU1] epoch: [400/400] loss: 0.865[GPU0] epoch: [400/400] loss: 0.868

rank:1 reached barrierrank:0 reached barrier

destroying for rank: 1 and global_rank: 1
Model weights saved
destroying for rank: 0 and global_rank: 0
pretraining time: 18h 6m 36s
pretraining time: 18h 6m 36s
