W0610 00:51:01.791000 139952663560192 torch/distributed/run.py:757] 
W0610 00:51:01.791000 139952663560192 torch/distributed/run.py:757] *****************************************
W0610 00:51:01.791000 139952663560192 torch/distributed/run.py:757] Setting OMP_NUM_THREADS environment variable for each process to be 1 in default, to avoid your system being overloaded, please further tune the variable for optimal performance in your application as needed. 
W0610 00:51:01.791000 139952663560192 torch/distributed/run.py:757] *****************************************
/data/home/nirbhays/envs/mlenv/lib/python3.10/site-packages/torchtext/data/__init__.py:4: UserWarning: 
/!\ IMPORTANT WARNING ABOUT TORCHTEXT STATUS /!\ 
Torchtext is deprecated and the last released version will be 0.18 (this one). You can silence this warning by calling the following at the beginnign of your scripts: `import torchtext; torchtext.disable_torchtext_deprecation_warning()`
  warnings.warn(torchtext._TORCHTEXT_DEPRECATION_MSG)
/data/home/nirbhays/envs/mlenv/lib/python3.10/site-packages/torchtext/data/__init__.py:4: UserWarning: 
/!\ IMPORTANT WARNING ABOUT TORCHTEXT STATUS /!\ 
Torchtext is deprecated and the last released version will be 0.18 (this one). You can silence this warning by calling the following at the beginnign of your scripts: `import torchtext; torchtext.disable_torchtext_deprecation_warning()`
  warnings.warn(torchtext._TORCHTEXT_DEPRECATION_MSG)
Launching DDP process. Global Rank: 1 | Local Rank: 1environment: 

YAML: configs/res.detr.vit.yaml
==> SEED: 42
==> data: {'data_path': '/data/home/nirbhays/dataset', 'batch_size': 256, 'img_size': [256, 340], 'vocab_save_path': 'vocabulary/vocab.coco.detr.pkl', 'num_workers': 4, 'pin_memory': True, 'prefetch_factor': 2, 'distributed': True}
==> return_logs: False
==> epochs: 80
==> gpu_id: 0
==> opt: AdamW
==> opt_params: {'lr': 0.0001, 'weight_decay': 0.05, 'betas': (0.9, 0.95)}
==> schedular_params: {'T_max': 80, 'eta_min': 0.001}
==> model_params: {'backbone_layers': ['conv1', 'bn1', 'relu', 'maxpool', 'layer1', 'layer2', 'layer3', 'layer4'], 'encoder_layers': 6, 'decoder_layers': 6, 'encoder_heads': 8, 'decoder_heads': 8, 'embed_dim': 256, 'dropout': 0.1}
==> distributed: True
==> model_save_path: saved_models/detr.lr1e-4.wd0.05.e80.dist.pth
==> save_every: 50
==> config: configs/res.detr.vit.yaml
==> grad_clip: 1.0
--------------------------------------------------
Launching DDP process. Global Rank: 0 | Local Rank: 0
Vocabulary saved at vocabulary/vocab.coco.detr.pkl
Vocabulary saved at vocabulary/vocab.coco.detr.pkl
pad_idx: 0
Train dataset: 82783
Test dataset: 40504
Train dataloader: 162
Test dataloader: 159
vocab_size: 14114
pad_idx: 0
Model parameters: 48583394
GPU: 0| epoch: [1/80] loss: 3.118
GPU: 1| epoch: [1/80] loss: 3.126
GPU: 1| epoch: [2/80] loss: 2.027
GPU: 0| epoch: [2/80] loss: 1.976
GPU: 1| epoch: [3/80] loss: 1.732
GPU: 0| epoch: [3/80] loss: 1.778
GPU: 0| epoch: [4/80] loss: 1.664
GPU: 1| epoch: [4/80] loss: 1.686
GPU: 0| epoch: [5/80] loss: 1.556
GPU: 1| epoch: [5/80] loss: 1.586
GPU: 1| epoch: [6/80] loss: 1.503
GPU: 0| epoch: [6/80] loss: 1.503
GPU: 0| epoch: [7/80] loss: 1.453
GPU: 1| epoch: [7/80] loss: 1.449
GPU: 1| epoch: [8/80] loss: 1.416
GPU: 0| epoch: [8/80] loss: 1.417
GPU: 1| epoch: [9/80] loss: 1.394
GPU: 0| epoch: [9/80] loss: 1.371
GPU: 0| epoch: [10/80] loss: 1.356
GPU: 1| epoch: [10/80] loss: 1.372
GPU: 1| epoch: [11/80] loss: 1.341
GPU: 0| epoch: [11/80] loss: 1.346
GPU: 1| epoch: [12/80] loss: 1.306
GPU: 0| epoch: [12/80] loss: 1.280
GPU: 0| epoch: [13/80] loss: 1.299
GPU: 1| epoch: [13/80] loss: 1.270
GPU: 1| epoch: [14/80] loss: 1.270
GPU: 0| epoch: [14/80] loss: 1.246
GPU: 1| epoch: [15/80] loss: 1.251
GPU: 0| epoch: [15/80] loss: 1.227
GPU: 0| epoch: [16/80] loss: 1.268
GPU: 1| epoch: [16/80] loss: 1.243
GPU: 1| epoch: [17/80] loss: 1.206
GPU: 0| epoch: [17/80] loss: 1.213
GPU: 0| epoch: [18/80] loss: 1.204
GPU: 1| epoch: [18/80] loss: 1.219
GPU: 0| epoch: [19/80] loss: 1.190
GPU: 1| epoch: [19/80] loss: 1.210
GPU: 0| epoch: [20/80] loss: 1.201
GPU: 1| epoch: [20/80] loss: 1.203
GPU: 0| epoch: [21/80] loss: 1.192
GPU: 1| epoch: [21/80] loss: 1.177
GPU: 0| epoch: [22/80] loss: 1.151
GPU: 1| epoch: [22/80] loss: 1.145
GPU: 0| epoch: [23/80] loss: 1.165
GPU: 1| epoch: [23/80] loss: 1.134
GPU: 0| epoch: [24/80] loss: 1.143
GPU: 1| epoch: [24/80] loss: 1.150
GPU: 0| epoch: [25/80] loss: 1.133
GPU: 1| epoch: [25/80] loss: 1.124
GPU: 1| epoch: [26/80] loss: 1.108
GPU: 0| epoch: [26/80] loss: 1.129
GPU: 0| epoch: [27/80] loss: 1.103
GPU: 1| epoch: [27/80] loss: 1.134
GPU: 1| epoch: [28/80] loss: 1.101
GPU: 0| epoch: [28/80] loss: 1.096
GPU: 1| epoch: [29/80] loss: 1.086
GPU: 0| epoch: [29/80] loss: 1.065
GPU: 1| epoch: [30/80] loss: 1.102
GPU: 0| epoch: [30/80] loss: 1.072
GPU: 1| epoch: [31/80] loss: 1.083
GPU: 0| epoch: [31/80] loss: 1.091
GPU: 1| epoch: [32/80] loss: 1.092
GPU: 0| epoch: [32/80] loss: 1.106
GPU: 0| epoch: [33/80] loss: 1.082
GPU: 1| epoch: [33/80] loss: 1.054
GPU: 1| epoch: [34/80] loss: 1.049
GPU: 0| epoch: [34/80] loss: 1.060
GPU: 1| epoch: [35/80] loss: 1.052
GPU: 0| epoch: [35/80] loss: 1.073
GPU: 1| epoch: [36/80] loss: 1.038
GPU: 0| epoch: [36/80] loss: 1.050
GPU: 0| epoch: [37/80] loss: 1.057
GPU: 1| epoch: [37/80] loss: 1.050
GPU: 1| epoch: [38/80] loss: 1.031
GPU: 0| epoch: [38/80] loss: 1.013
GPU: 1| epoch: [39/80] loss: 1.048
GPU: 0| epoch: [39/80] loss: 1.046
GPU: 0| epoch: [40/80] loss: 1.068
GPU: 1| epoch: [40/80] loss: 1.020
GPU: 0| epoch: [41/80] loss: 1.040
GPU: 1| epoch: [41/80] loss: 1.039
GPU: 0| epoch: [42/80] loss: 1.038
GPU: 1| epoch: [42/80] loss: 1.007
GPU: 0| epoch: [43/80] loss: 1.022
GPU: 1| epoch: [43/80] loss: 1.007
GPU: 0| epoch: [44/80] loss: 1.058
GPU: 1| epoch: [44/80] loss: 1.040
GPU: 0| epoch: [45/80] loss: 1.000
GPU: 1| epoch: [45/80] loss: 1.047
GPU: 1| epoch: [46/80] loss: 1.008
GPU: 0| epoch: [46/80] loss: 1.009
GPU: 0| epoch: [47/80] loss: 0.999
GPU: 1| epoch: [47/80] loss: 1.008
GPU: 1| epoch: [48/80] loss: 1.039
GPU: 0| epoch: [48/80] loss: 1.000
GPU: 1| epoch: [49/80] loss: 0.994
GPU: 0| epoch: [49/80] loss: 1.002
GPU: 0| epoch: [50/80] loss: 1.001
GPU: 1| epoch: [50/80] loss: 0.998
Model saved at: saved_models/detr.lr1e-4.wd0.05.e80.dist.ec50.pth
GPU: 1| epoch: [51/80] loss: 1.013
GPU: 0| epoch: [51/80] loss: 0.991
GPU: 0| epoch: [52/80] loss: 0.990
GPU: 1| epoch: [52/80] loss: 0.986
GPU: 1| epoch: [53/80] loss: 1.012
GPU: 0| epoch: [53/80] loss: 1.014
GPU: 1| epoch: [54/80] loss: 0.998
GPU: 0| epoch: [54/80] loss: 0.998
GPU: 0| epoch: [55/80] loss: 0.981
GPU: 1| epoch: [55/80] loss: 0.987
GPU: 0| epoch: [56/80] loss: 0.996
GPU: 1| epoch: [56/80] loss: 0.985
GPU: 0| epoch: [57/80] loss: 1.013
GPU: 1| epoch: [57/80] loss: 0.982
GPU: 0| epoch: [58/80] loss: 1.003
GPU: 1| epoch: [58/80] loss: 0.994
GPU: 1| epoch: [59/80] loss: 0.991
GPU: 0| epoch: [59/80] loss: 0.991
GPU: 1| epoch: [60/80] loss: 0.999
GPU: 0| epoch: [60/80] loss: 0.962
GPU: 1| epoch: [61/80] loss: 0.962
GPU: 0| epoch: [61/80] loss: 0.995
GPU: 1| epoch: [62/80] loss: 0.968
GPU: 0| epoch: [62/80] loss: 0.991
GPU: 1| epoch: [63/80] loss: 0.981
GPU: 0| epoch: [63/80] loss: 0.965
GPU: 0| epoch: [64/80] loss: 0.978
GPU: 1| epoch: [64/80] loss: 0.962
GPU: 1| epoch: [65/80] loss: 0.971
GPU: 0| epoch: [65/80] loss: 0.965
GPU: 0| epoch: [66/80] loss: 0.992
GPU: 1| epoch: [66/80] loss: 0.974
GPU: 0| epoch: [67/80] loss: 0.954
GPU: 1| epoch: [67/80] loss: 0.979
GPU: 1| epoch: [68/80] loss: 0.930
GPU: 0| epoch: [68/80] loss: 0.983
GPU: 1| epoch: [69/80] loss: 0.963
GPU: 0| epoch: [69/80] loss: 0.963
GPU: 0| epoch: [70/80] loss: 0.964
GPU: 1| epoch: [70/80] loss: 0.966
GPU: 0| epoch: [71/80] loss: 0.983
GPU: 1| epoch: [71/80] loss: 0.960
GPU: 0| epoch: [72/80] loss: 0.954
GPU: 1| epoch: [72/80] loss: 0.952
GPU: 0| epoch: [73/80] loss: 0.967
GPU: 1| epoch: [73/80] loss: 0.973
GPU: 0| epoch: [74/80] loss: 0.972
GPU: 1| epoch: [74/80] loss: 0.981
GPU: 0| epoch: [75/80] loss: 0.952
GPU: 1| epoch: [75/80] loss: 0.969
GPU: 1| epoch: [76/80] loss: 0.956
GPU: 0| epoch: [76/80] loss: 0.944
GPU: 1| epoch: [77/80] loss: 0.948
GPU: 0| epoch: [77/80] loss: 0.960
GPU: 0| epoch: [78/80] loss: 0.949
GPU: 1| epoch: [78/80] loss: 0.943
GPU: 1| epoch: [79/80] loss: 0.975
GPU: 0| epoch: [79/80] loss: 0.970
GPU: 0| epoch: [80/80] loss: 0.955
GPU: 1| epoch: [80/80] loss: 0.928
rank:1 reached barrierrank:0 reached barrier

destroying for rank: 1 and global_rank: 1
Model weights saved
destroying for rank: 0 and global_rank: 0
pretraining time: 5h 5m 20s
pretraining time: 5h 5m 20s
